{"C:\\Users\\Harley Jovellano\\Documents\\Lost and Found API\\src\\config\\database.js": {"path":"C:\\Users\\Harley Jovellano\\Documents\\Lost and Found API\\src\\config\\database.js","statementMap":{"0":{"start":{"line":12,"column":14},"end":{"line":12,"column":39}},"1":{"start":{"line":13,"column":15},"end":{"line":13,"column":41}},"2":{"start":{"line":16,"column":19},"end":{"line":46,"column":1}},"3":{"start":{"line":49,"column":11},"end":{"line":49,"column":15}},"4":{"start":{"line":55,"column":23},"end":{"line":75,"column":1}},"5":{"start":{"line":56,"column":2},"end":{"line":74,"column":3}},"6":{"start":{"line":58,"column":4},"end":{"line":61,"column":5}},"7":{"start":{"line":59,"column":6},"end":{"line":59,"column":55}},"8":{"start":{"line":60,"column":6},"end":{"line":60,"column":18}},"9":{"start":{"line":63,"column":4},"end":{"line":63,"column":40}},"10":{"start":{"line":66,"column":23},"end":{"line":66,"column":49}},"11":{"start":{"line":67,"column":4},"end":{"line":67,"column":50}},"12":{"start":{"line":68,"column":4},"end":{"line":68,"column":25}},"13":{"start":{"line":70,"column":4},"end":{"line":70,"column":16}},"14":{"start":{"line":72,"column":4},"end":{"line":72,"column":63}},"15":{"start":{"line":73,"column":4},"end":{"line":73,"column":16}},"16":{"start":{"line":81,"column":16},"end":{"line":88,"column":1}},"17":{"start":{"line":82,"column":2},"end":{"line":86,"column":3}},"18":{"start":{"line":83,"column":4},"end":{"line":85,"column":6}},"19":{"start":{"line":87,"column":2},"end":{"line":87,"column":14}},"20":{"start":{"line":98,"column":14},"end":{"line":115,"column":1}},"21":{"start":{"line":99,"column":2},"end":{"line":114,"column":3}},"22":{"start":{"line":100,"column":23},"end":{"line":100,"column":49}},"23":{"start":{"line":102,"column":4},"end":{"line":110,"column":5}},"24":{"start":{"line":104,"column":21},"end":{"line":104,"column":58}},"25":{"start":{"line":105,"column":6},"end":{"line":105,"column":27}},"26":{"start":{"line":106,"column":6},"end":{"line":106,"column":18}},"27":{"start":{"line":108,"column":6},"end":{"line":108,"column":27}},"28":{"start":{"line":109,"column":6},"end":{"line":109,"column":18}},"29":{"start":{"line":112,"column":4},"end":{"line":112,"column":57}},"30":{"start":{"line":113,"column":4},"end":{"line":113,"column":16}},"31":{"start":{"line":123,"column":25},"end":{"line":127,"column":1}},"32":{"start":{"line":124,"column":21},"end":{"line":124,"column":47}},"33":{"start":{"line":125,"column":2},"end":{"line":125,"column":38}},"34":{"start":{"line":126,"column":2},"end":{"line":126,"column":20}},"35":{"start":{"line":133,"column":15},"end":{"line":136,"column":1}},"36":{"start":{"line":134,"column":2},"end":{"line":134,"column":28}},"37":{"start":{"line":135,"column":2},"end":{"line":135,"column":23}},"38":{"start":{"line":142,"column":17},"end":{"line":145,"column":1}},"39":{"start":{"line":143,"column":2},"end":{"line":143,"column":30}},"40":{"start":{"line":144,"column":2},"end":{"line":144,"column":23}},"41":{"start":{"line":151,"column":18},"end":{"line":157,"column":1}},"42":{"start":{"line":152,"column":2},"end":{"line":156,"column":3}},"43":{"start":{"line":153,"column":4},"end":{"line":153,"column":21}},"44":{"start":{"line":154,"column":4},"end":{"line":154,"column":16}},"45":{"start":{"line":155,"column":4},"end":{"line":155,"column":51}},"46":{"start":{"line":159,"column":0},"end":{"line":167,"column":2}}},"fnMap":{"0":{"name":"(anonymous_0)","decl":{"start":{"line":55,"column":23},"end":{"line":55,"column":24}},"loc":{"start":{"line":55,"column":35},"end":{"line":75,"column":1}},"line":55},"1":{"name":"(anonymous_1)","decl":{"start":{"line":81,"column":16},"end":{"line":81,"column":17}},"loc":{"start":{"line":81,"column":22},"end":{"line":88,"column":1}},"line":81},"2":{"name":"(anonymous_2)","decl":{"start":{"line":98,"column":14},"end":{"line":98,"column":15}},"loc":{"start":{"line":98,"column":42},"end":{"line":115,"column":1}},"line":98},"3":{"name":"(anonymous_3)","decl":{"start":{"line":123,"column":25},"end":{"line":123,"column":26}},"loc":{"start":{"line":123,"column":37},"end":{"line":127,"column":1}},"line":123},"4":{"name":"(anonymous_4)","decl":{"start":{"line":133,"column":15},"end":{"line":133,"column":16}},"loc":{"start":{"line":133,"column":37},"end":{"line":136,"column":1}},"line":133},"5":{"name":"(anonymous_5)","decl":{"start":{"line":142,"column":17},"end":{"line":142,"column":18}},"loc":{"start":{"line":142,"column":39},"end":{"line":145,"column":1}},"line":142},"6":{"name":"(anonymous_6)","decl":{"start":{"line":151,"column":18},"end":{"line":151,"column":19}},"loc":{"start":{"line":151,"column":30},"end":{"line":157,"column":1}},"line":151}},"branchMap":{"0":{"loc":{"start":{"line":18,"column":8},"end":{"line":18,"column":45}},"type":"binary-expr","locations":[{"start":{"line":18,"column":8},"end":{"line":18,"column":37}},{"start":{"line":18,"column":41},"end":{"line":18,"column":45}}],"line":18},"1":{"loc":{"start":{"line":58,"column":4},"end":{"line":61,"column":5}},"type":"if","locations":[{"start":{"line":58,"column":4},"end":{"line":61,"column":5}},{"start":{},"end":{}}],"line":58},"2":{"loc":{"start":{"line":82,"column":2},"end":{"line":86,"column":3}},"type":"if","locations":[{"start":{"line":82,"column":2},"end":{"line":86,"column":3}},{"start":{},"end":{}}],"line":82},"3":{"loc":{"start":{"line":98,"column":26},"end":{"line":98,"column":37}},"type":"default-arg","locations":[{"start":{"line":98,"column":35},"end":{"line":98,"column":37}}],"line":98},"4":{"loc":{"start":{"line":152,"column":2},"end":{"line":156,"column":3}},"type":"if","locations":[{"start":{"line":152,"column":2},"end":{"line":156,"column":3}},{"start":{},"end":{}}],"line":152}},"s":{"0":1,"1":1,"2":1,"3":1,"4":1,"5":1,"6":1,"7":0,"8":0,"9":1,"10":1,"11":1,"12":1,"13":1,"14":0,"15":0,"16":1,"17":0,"18":0,"19":0,"20":1,"21":45,"22":45,"23":45,"24":45,"25":45,"26":45,"27":0,"28":0,"29":0,"30":0,"31":1,"32":1,"33":1,"34":1,"35":1,"36":1,"37":1,"38":1,"39":0,"40":0,"41":1,"42":1,"43":1,"44":1,"45":1,"46":1},"f":{"0":1,"1":0,"2":45,"3":1,"4":1,"5":0,"6":1},"b":{"0":[1,0],"1":[0,1],"2":[0,0],"3":[0],"4":[1,0]},"_coverageSchema":"1a1c01bbd47fc00a2c39e90264f33305004495a9","hash":"840a1c7f84d8d83279746755669d7395cb22cde7"}
,"C:\\Users\\Harley Jovellano\\Documents\\Lost and Found API\\src\\controllers\\authController.js": {"path":"C:\\Users\\Harley Jovellano\\Documents\\Lost and Found API\\src\\controllers\\authController.js","statementMap":{"0":{"start":{"line":14,"column":15},"end":{"line":14,"column":32}},"1":{"start":{"line":15,"column":29},"end":{"line":15,"column":57}},"2":{"start":{"line":16,"column":11},"end":{"line":16,"column":40}},"3":{"start":{"line":17,"column":30},"end":{"line":17,"column":53}},"4":{"start":{"line":18,"column":15},"end":{"line":18,"column":41}},"5":{"start":{"line":31,"column":17},"end":{"line":160,"column":1}},"6":{"start":{"line":34,"column":2},"end":{"line":159,"column":3}},"7":{"start":{"line":36,"column":19},"end":{"line":36,"column":40}},"8":{"start":{"line":37,"column":4},"end":{"line":43,"column":5}},"9":{"start":{"line":38,"column":6},"end":{"line":42,"column":9}},"10":{"start":{"line":52,"column":8},"end":{"line":52,"column":16}},"11":{"start":{"line":55,"column":25},"end":{"line":58,"column":5}},"12":{"start":{"line":60,"column":4},"end":{"line":65,"column":5}},"13":{"start":{"line":61,"column":6},"end":{"line":64,"column":9}},"14":{"start":{"line":68,"column":4},"end":{"line":80,"column":5}},"15":{"start":{"line":69,"column":28},"end":{"line":72,"column":7}},"16":{"start":{"line":74,"column":6},"end":{"line":79,"column":7}},"17":{"start":{"line":75,"column":8},"end":{"line":78,"column":11}},"18":{"start":{"line":83,"column":23},"end":{"line":83,"column":64}},"19":{"start":{"line":84,"column":26},"end":{"line":84,"column":65}},"20":{"start":{"line":87,"column":4},"end":{"line":87,"column":45}},"21":{"start":{"line":90,"column":25},"end":{"line":99,"column":5}},"22":{"start":{"line":101,"column":19},"end":{"line":107,"column":5}},"23":{"start":{"line":109,"column":19},"end":{"line":109,"column":37}},"24":{"start":{"line":112,"column":27},"end":{"line":118,"column":5}},"25":{"start":{"line":120,"column":4},"end":{"line":126,"column":6}},"26":{"start":{"line":129,"column":4},"end":{"line":129,"column":32}},"27":{"start":{"line":131,"column":4},"end":{"line":131,"column":53}},"28":{"start":{"line":134,"column":4},"end":{"line":146,"column":7}},"29":{"start":{"line":149,"column":4},"end":{"line":151,"column":5}},"30":{"start":{"line":150,"column":6},"end":{"line":150,"column":36}},"31":{"start":{"line":153,"column":4},"end":{"line":153,"column":47}},"32":{"start":{"line":155,"column":4},"end":{"line":158,"column":7}},"33":{"start":{"line":174,"column":14},"end":{"line":383,"column":1}},"34":{"start":{"line":175,"column":2},"end":{"line":382,"column":3}},"35":{"start":{"line":177,"column":19},"end":{"line":177,"column":40}},"36":{"start":{"line":178,"column":4},"end":{"line":184,"column":5}},"37":{"start":{"line":179,"column":6},"end":{"line":183,"column":9}},"38":{"start":{"line":186,"column":36},"end":{"line":186,"column":44}},"39":{"start":{"line":187,"column":22},"end":{"line":187,"column":74}},"40":{"start":{"line":188,"column":22},"end":{"line":188,"column":60}},"41":{"start":{"line":191,"column":18},"end":{"line":197,"column":5}},"42":{"start":{"line":199,"column":4},"end":{"line":216,"column":5}},"43":{"start":{"line":201,"column":6},"end":{"line":210,"column":8}},"44":{"start":{"line":212,"column":6},"end":{"line":215,"column":9}},"45":{"start":{"line":218,"column":17},"end":{"line":218,"column":25}},"46":{"start":{"line":221,"column":4},"end":{"line":237,"column":5}},"47":{"start":{"line":222,"column":32},"end":{"line":224,"column":7}},"48":{"start":{"line":226,"column":6},"end":{"line":231,"column":8}},"49":{"start":{"line":233,"column":6},"end":{"line":236,"column":9}},"50":{"start":{"line":240,"column":4},"end":{"line":264,"column":5}},"51":{"start":{"line":241,"column":6},"end":{"line":251,"column":8}},"52":{"start":{"line":253,"column":20},"end":{"line":253,"column":43}},"53":{"start":{"line":254,"column":6},"end":{"line":258,"column":7}},"54":{"start":{"line":255,"column":8},"end":{"line":255,"column":54}},"55":{"start":{"line":256,"column":13},"end":{"line":258,"column":7}},"56":{"start":{"line":257,"column":8},"end":{"line":257,"column":71}},"57":{"start":{"line":260,"column":6},"end":{"line":263,"column":9}},"58":{"start":{"line":267,"column":28},"end":{"line":267,"column":78}},"59":{"start":{"line":269,"column":4},"end":{"line":329,"column":5}},"60":{"start":{"line":271,"column":26},"end":{"line":271,"column":56}},"61":{"start":{"line":272,"column":26},"end":{"line":272,"column":71}},"62":{"start":{"line":273,"column":30},"end":{"line":273,"column":75}},"63":{"start":{"line":275,"column":6},"end":{"line":328,"column":7}},"64":{"start":{"line":277,"column":8},"end":{"line":283,"column":10}},"65":{"start":{"line":285,"column":8},"end":{"line":295,"column":10}},"66":{"start":{"line":297,"column":8},"end":{"line":297,"column":61}},"67":{"start":{"line":299,"column":8},"end":{"line":302,"column":11}},"68":{"start":{"line":305,"column":8},"end":{"line":308,"column":11}},"69":{"start":{"line":310,"column":8},"end":{"line":320,"column":10}},"70":{"start":{"line":322,"column":8},"end":{"line":327,"column":11}},"71":{"start":{"line":332,"column":19},"end":{"line":332,"column":42}},"72":{"start":{"line":335,"column":4},"end":{"line":344,"column":6}},"73":{"start":{"line":347,"column":4},"end":{"line":352,"column":6}},"74":{"start":{"line":354,"column":4},"end":{"line":354,"column":48}},"75":{"start":{"line":357,"column":4},"end":{"line":374,"column":7}},"76":{"start":{"line":376,"column":4},"end":{"line":376,"column":40}},"77":{"start":{"line":378,"column":4},"end":{"line":381,"column":7}},"78":{"start":{"line":390,"column":19},"end":{"line":420,"column":1}},"79":{"start":{"line":391,"column":2},"end":{"line":419,"column":3}},"80":{"start":{"line":393,"column":18},"end":{"line":399,"column":5}},"81":{"start":{"line":401,"column":4},"end":{"line":406,"column":5}},"82":{"start":{"line":402,"column":6},"end":{"line":405,"column":9}},"83":{"start":{"line":408,"column":4},"end":{"line":411,"column":7}},"84":{"start":{"line":413,"column":4},"end":{"line":413,"column":46}},"85":{"start":{"line":415,"column":4},"end":{"line":418,"column":7}},"86":{"start":{"line":427,"column":15},"end":{"line":463,"column":1}},"87":{"start":{"line":428,"column":2},"end":{"line":462,"column":3}},"88":{"start":{"line":430,"column":4},"end":{"line":435,"column":6}},"89":{"start":{"line":438,"column":4},"end":{"line":447,"column":6}},"90":{"start":{"line":449,"column":4},"end":{"line":449,"column":58}},"91":{"start":{"line":451,"column":4},"end":{"line":454,"column":7}},"92":{"start":{"line":456,"column":4},"end":{"line":456,"column":41}},"93":{"start":{"line":458,"column":4},"end":{"line":461,"column":7}},"94":{"start":{"line":465,"column":0},"end":{"line":470,"column":2}}},"fnMap":{"0":{"name":"(anonymous_0)","decl":{"start":{"line":31,"column":17},"end":{"line":31,"column":18}},"loc":{"start":{"line":31,"column":37},"end":{"line":160,"column":1}},"line":31},"1":{"name":"(anonymous_1)","decl":{"start":{"line":174,"column":14},"end":{"line":174,"column":15}},"loc":{"start":{"line":174,"column":34},"end":{"line":383,"column":1}},"line":174},"2":{"name":"(anonymous_2)","decl":{"start":{"line":390,"column":19},"end":{"line":390,"column":20}},"loc":{"start":{"line":390,"column":39},"end":{"line":420,"column":1}},"line":390},"3":{"name":"(anonymous_3)","decl":{"start":{"line":427,"column":15},"end":{"line":427,"column":16}},"loc":{"start":{"line":427,"column":35},"end":{"line":463,"column":1}},"line":427}},"branchMap":{"0":{"loc":{"start":{"line":37,"column":4},"end":{"line":43,"column":5}},"type":"if","locations":[{"start":{"line":37,"column":4},"end":{"line":43,"column":5}},{"start":{},"end":{}}],"line":37},"1":{"loc":{"start":{"line":60,"column":4},"end":{"line":65,"column":5}},"type":"if","locations":[{"start":{"line":60,"column":4},"end":{"line":65,"column":5}},{"start":{},"end":{}}],"line":60},"2":{"loc":{"start":{"line":60,"column":8},"end":{"line":60,"column":47}},"type":"binary-expr","locations":[{"start":{"line":60,"column":8},"end":{"line":60,"column":20}},{"start":{"line":60,"column":24},"end":{"line":60,"column":47}}],"line":60},"3":{"loc":{"start":{"line":68,"column":4},"end":{"line":80,"column":5}},"type":"if","locations":[{"start":{"line":68,"column":4},"end":{"line":80,"column":5}},{"start":{},"end":{}}],"line":68},"4":{"loc":{"start":{"line":74,"column":6},"end":{"line":79,"column":7}},"type":"if","locations":[{"start":{"line":74,"column":6},"end":{"line":79,"column":7}},{"start":{},"end":{}}],"line":74},"5":{"loc":{"start":{"line":74,"column":10},"end":{"line":74,"column":51}},"type":"binary-expr","locations":[{"start":{"line":74,"column":10},"end":{"line":74,"column":23}},{"start":{"line":74,"column":27},"end":{"line":74,"column":51}}],"line":74},"6":{"loc":{"start":{"line":83,"column":23},"end":{"line":83,"column":64}},"type":"binary-expr","locations":[{"start":{"line":83,"column":23},"end":{"line":83,"column":58}},{"start":{"line":83,"column":62},"end":{"line":83,"column":64}}],"line":83},"7":{"loc":{"start":{"line":94,"column":6},"end":{"line":94,"column":56}},"type":"cond-expr","locations":[{"start":{"line":94,"column":44},"end":{"line":94,"column":48}},{"start":{"line":94,"column":51},"end":{"line":94,"column":56}}],"line":94},"8":{"loc":{"start":{"line":94,"column":6},"end":{"line":94,"column":41}},"type":"binary-expr","locations":[{"start":{"line":94,"column":6},"end":{"line":94,"column":25}},{"start":{"line":94,"column":29},"end":{"line":94,"column":41}}],"line":94},"9":{"loc":{"start":{"line":95,"column":6},"end":{"line":97,"column":24}},"type":"cond-expr","locations":[{"start":{"line":96,"column":10},"end":{"line":96,"column":14}},{"start":{"line":97,"column":10},"end":{"line":97,"column":24}}],"line":95},"10":{"loc":{"start":{"line":95,"column":6},"end":{"line":95,"column":59}},"type":"binary-expr","locations":[{"start":{"line":95,"column":6},"end":{"line":95,"column":34}},{"start":{"line":95,"column":38},"end":{"line":95,"column":59}}],"line":95},"11":{"loc":{"start":{"line":114,"column":6},"end":{"line":114,"column":58}},"type":"binary-expr","locations":[{"start":{"line":114,"column":6},"end":{"line":114,"column":12}},{"start":{"line":114,"column":16},"end":{"line":114,"column":45}},{"start":{"line":114,"column":49},"end":{"line":114,"column":58}}],"line":114},"12":{"loc":{"start":{"line":115,"column":6},"end":{"line":115,"column":44}},"type":"binary-expr","locations":[{"start":{"line":115,"column":6},"end":{"line":115,"column":31}},{"start":{"line":115,"column":35},"end":{"line":115,"column":44}}],"line":115},"13":{"loc":{"start":{"line":143,"column":15},"end":{"line":143,"column":28}},"type":"binary-expr","locations":[{"start":{"line":143,"column":15},"end":{"line":143,"column":20}},{"start":{"line":143,"column":24},"end":{"line":143,"column":28}}],"line":143},"14":{"loc":{"start":{"line":149,"column":4},"end":{"line":151,"column":5}},"type":"if","locations":[{"start":{"line":149,"column":4},"end":{"line":151,"column":5}},{"start":{},"end":{}}],"line":149},"15":{"loc":{"start":{"line":178,"column":4},"end":{"line":184,"column":5}},"type":"if","locations":[{"start":{"line":178,"column":4},"end":{"line":184,"column":5}},{"start":{},"end":{}}],"line":178},"16":{"loc":{"start":{"line":187,"column":22},"end":{"line":187,"column":74}},"type":"binary-expr","locations":[{"start":{"line":187,"column":22},"end":{"line":187,"column":28}},{"start":{"line":187,"column":32},"end":{"line":187,"column":61}},{"start":{"line":187,"column":65},"end":{"line":187,"column":74}}],"line":187},"17":{"loc":{"start":{"line":188,"column":22},"end":{"line":188,"column":60}},"type":"binary-expr","locations":[{"start":{"line":188,"column":22},"end":{"line":188,"column":47}},{"start":{"line":188,"column":51},"end":{"line":188,"column":60}}],"line":188},"18":{"loc":{"start":{"line":199,"column":4},"end":{"line":216,"column":5}},"type":"if","locations":[{"start":{"line":199,"column":4},"end":{"line":216,"column":5}},{"start":{},"end":{}}],"line":199},"19":{"loc":{"start":{"line":199,"column":8},"end":{"line":199,"column":36}},"type":"binary-expr","locations":[{"start":{"line":199,"column":8},"end":{"line":199,"column":14}},{"start":{"line":199,"column":18},"end":{"line":199,"column":36}}],"line":199},"20":{"loc":{"start":{"line":221,"column":4},"end":{"line":237,"column":5}},"type":"if","locations":[{"start":{"line":221,"column":4},"end":{"line":237,"column":5}},{"start":{},"end":{}}],"line":221},"21":{"loc":{"start":{"line":221,"column":8},"end":{"line":221,"column":69}},"type":"binary-expr","locations":[{"start":{"line":221,"column":8},"end":{"line":221,"column":25}},{"start":{"line":221,"column":29},"end":{"line":221,"column":69}}],"line":221},"22":{"loc":{"start":{"line":240,"column":4},"end":{"line":264,"column":5}},"type":"if","locations":[{"start":{"line":240,"column":4},"end":{"line":264,"column":5}},{"start":{},"end":{}}],"line":240},"23":{"loc":{"start":{"line":254,"column":6},"end":{"line":258,"column":7}},"type":"if","locations":[{"start":{"line":254,"column":6},"end":{"line":258,"column":7}},{"start":{"line":256,"column":13},"end":{"line":258,"column":7}}],"line":254},"24":{"loc":{"start":{"line":256,"column":13},"end":{"line":258,"column":7}},"type":"if","locations":[{"start":{"line":256,"column":13},"end":{"line":258,"column":7}},{"start":{},"end":{}}],"line":256},"25":{"loc":{"start":{"line":269,"column":4},"end":{"line":329,"column":5}},"type":"if","locations":[{"start":{"line":269,"column":4},"end":{"line":329,"column":5}},{"start":{},"end":{}}],"line":269},"26":{"loc":{"start":{"line":271,"column":27},"end":{"line":271,"column":51}},"type":"binary-expr","locations":[{"start":{"line":271,"column":27},"end":{"line":271,"column":46}},{"start":{"line":271,"column":50},"end":{"line":271,"column":51}}],"line":271},"27":{"loc":{"start":{"line":272,"column":26},"end":{"line":272,"column":71}},"type":"binary-expr","locations":[{"start":{"line":272,"column":26},"end":{"line":272,"column":66}},{"start":{"line":272,"column":70},"end":{"line":272,"column":71}}],"line":272},"28":{"loc":{"start":{"line":273,"column":30},"end":{"line":273,"column":75}},"type":"binary-expr","locations":[{"start":{"line":273,"column":30},"end":{"line":273,"column":69}},{"start":{"line":273,"column":73},"end":{"line":273,"column":75}}],"line":273},"29":{"loc":{"start":{"line":275,"column":6},"end":{"line":328,"column":7}},"type":"if","locations":[{"start":{"line":275,"column":6},"end":{"line":328,"column":7}},{"start":{"line":303,"column":13},"end":{"line":328,"column":7}}],"line":275},"30":{"loc":{"start":{"line":372,"column":19},"end":{"line":372,"column":53}},"type":"binary-expr","locations":[{"start":{"line":372,"column":19},"end":{"line":372,"column":45}},{"start":{"line":372,"column":49},"end":{"line":372,"column":53}}],"line":372},"31":{"loc":{"start":{"line":401,"column":4},"end":{"line":406,"column":5}},"type":"if","locations":[{"start":{"line":401,"column":4},"end":{"line":406,"column":5}},{"start":{},"end":{}}],"line":401},"32":{"loc":{"start":{"line":401,"column":8},"end":{"line":401,"column":36}},"type":"binary-expr","locations":[{"start":{"line":401,"column":8},"end":{"line":401,"column":14}},{"start":{"line":401,"column":18},"end":{"line":401,"column":36}}],"line":401},"33":{"loc":{"start":{"line":444,"column":8},"end":{"line":444,"column":60}},"type":"binary-expr","locations":[{"start":{"line":444,"column":8},"end":{"line":444,"column":14}},{"start":{"line":444,"column":18},"end":{"line":444,"column":47}},{"start":{"line":444,"column":51},"end":{"line":444,"column":60}}],"line":444},"34":{"loc":{"start":{"line":445,"column":8},"end":{"line":445,"column":46}},"type":"binary-expr","locations":[{"start":{"line":445,"column":8},"end":{"line":445,"column":33}},{"start":{"line":445,"column":37},"end":{"line":445,"column":46}}],"line":445}},"s":{"0":1,"1":1,"2":1,"3":1,"4":1,"5":1,"6":10,"7":10,"8":10,"9":6,"10":4,"11":4,"12":4,"13":3,"14":1,"15":1,"16":1,"17":0,"18":1,"19":1,"20":1,"21":1,"22":1,"23":1,"24":1,"25":1,"26":1,"27":1,"28":1,"29":0,"30":0,"31":0,"32":0,"33":1,"34":14,"35":14,"36":14,"37":0,"38":14,"39":14,"40":14,"41":14,"42":14,"43":2,"44":2,"45":12,"46":12,"47":0,"48":0,"49":0,"50":12,"51":6,"52":6,"53":6,"54":6,"55":0,"56":0,"57":6,"58":6,"59":6,"60":2,"61":2,"62":2,"63":2,"64":0,"65":0,"66":0,"67":0,"68":2,"69":2,"70":2,"71":4,"72":4,"73":4,"74":4,"75":4,"76":0,"77":0,"78":1,"79":1,"80":1,"81":1,"82":0,"83":1,"84":0,"85":0,"86":1,"87":1,"88":1,"89":1,"90":1,"91":1,"92":0,"93":0,"94":1},"f":{"0":10,"1":14,"2":1,"3":1},"b":{"0":[6,4],"1":[3,1],"2":[4,4],"3":[1,0],"4":[0,1],"5":[1,1],"6":[1,0],"7":[0,1],"8":[1,1],"9":[1,0],"10":[1,0],"11":[1,0,0],"12":[1,1],"13":[1,0],"14":[0,0],"15":[0,14],"16":[14,0,0],"17":[14,14],"18":[2,12],"19":[14,14],"20":[0,12],"21":[12,0],"22":[6,6],"23":[6,0],"24":[0,0],"25":[2,4],"26":[2,2],"27":[2,0],"28":[2,0],"29":[0,2],"30":[4,0],"31":[0,1],"32":[1,1],"33":[1,0,0],"34":[1,1]},"_coverageSchema":"1a1c01bbd47fc00a2c39e90264f33305004495a9","hash":"a3c8a4fd4c339b2cc0ec0bb24f3157fa99ed460d"}
,"C:\\Users\\Harley Jovellano\\Documents\\Lost and Found API\\src\\controllers\\categoriesController.js": {"path":"C:\\Users\\Harley Jovellano\\Documents\\Lost and Found API\\src\\controllers\\categoriesController.js","statementMap":{"0":{"start":{"line":6,"column":11},"end":{"line":6,"column":40}},"1":{"start":{"line":7,"column":29},"end":{"line":7,"column":57}},"2":{"start":{"line":14,"column":0},"end":{"line":41,"column":2}},"3":{"start":{"line":15,"column":2},"end":{"line":40,"column":3}},"4":{"start":{"line":16,"column":37},"end":{"line":16,"column":46}},"5":{"start":{"line":18,"column":16},"end":{"line":18,"column":42}},"6":{"start":{"line":19,"column":17},"end":{"line":19,"column":19}},"7":{"start":{"line":21,"column":4},"end":{"line":23,"column":5}},"8":{"start":{"line":22,"column":6},"end":{"line":22,"column":41}},"9":{"start":{"line":25,"column":4},"end":{"line":25,"column":34}},"10":{"start":{"line":27,"column":23},"end":{"line":27,"column":52}},"11":{"start":{"line":29,"column":4},"end":{"line":32,"column":7}},"12":{"start":{"line":34,"column":4},"end":{"line":34,"column":50}},"13":{"start":{"line":35,"column":4},"end":{"line":39,"column":7}},"14":{"start":{"line":48,"column":0},"end":{"line":83,"column":2}},"15":{"start":{"line":49,"column":2},"end":{"line":82,"column":3}},"16":{"start":{"line":50,"column":19},"end":{"line":50,"column":40}},"17":{"start":{"line":51,"column":4},"end":{"line":56,"column":5}},"18":{"start":{"line":52,"column":6},"end":{"line":55,"column":9}},"19":{"start":{"line":58,"column":19},"end":{"line":58,"column":29}},"20":{"start":{"line":60,"column":23},"end":{"line":62,"column":6}},"21":{"start":{"line":64,"column":4},"end":{"line":69,"column":5}},"22":{"start":{"line":65,"column":6},"end":{"line":68,"column":9}},"23":{"start":{"line":71,"column":4},"end":{"line":74,"column":7}},"24":{"start":{"line":76,"column":4},"end":{"line":76,"column":48}},"25":{"start":{"line":77,"column":4},"end":{"line":81,"column":7}},"26":{"start":{"line":90,"column":0},"end":{"line":134,"column":2}},"27":{"start":{"line":91,"column":2},"end":{"line":133,"column":3}},"28":{"start":{"line":92,"column":19},"end":{"line":92,"column":40}},"29":{"start":{"line":93,"column":4},"end":{"line":98,"column":5}},"30":{"start":{"line":94,"column":6},"end":{"line":97,"column":9}},"31":{"start":{"line":100,"column":40},"end":{"line":100,"column":48}},"32":{"start":{"line":102,"column":19},"end":{"line":105,"column":5}},"33":{"start":{"line":107,"column":24},"end":{"line":110,"column":5}},"34":{"start":{"line":112,"column":4},"end":{"line":116,"column":7}},"35":{"start":{"line":118,"column":4},"end":{"line":118,"column":51}},"36":{"start":{"line":121,"column":4},"end":{"line":126,"column":5}},"37":{"start":{"line":122,"column":6},"end":{"line":125,"column":9}},"38":{"start":{"line":128,"column":4},"end":{"line":132,"column":7}},"39":{"start":{"line":141,"column":0},"end":{"line":198,"column":2}},"40":{"start":{"line":142,"column":2},"end":{"line":197,"column":3}},"41":{"start":{"line":143,"column":19},"end":{"line":143,"column":40}},"42":{"start":{"line":144,"column":4},"end":{"line":149,"column":5}},"43":{"start":{"line":145,"column":6},"end":{"line":148,"column":9}},"44":{"start":{"line":151,"column":19},"end":{"line":151,"column":29}},"45":{"start":{"line":152,"column":51},"end":{"line":152,"column":59}},"46":{"start":{"line":155,"column":21},"end":{"line":157,"column":6}},"47":{"start":{"line":159,"column":4},"end":{"line":164,"column":5}},"48":{"start":{"line":160,"column":6},"end":{"line":163,"column":9}},"49":{"start":{"line":166,"column":4},"end":{"line":171,"column":6}},"50":{"start":{"line":173,"column":20},"end":{"line":175,"column":6}},"51":{"start":{"line":177,"column":4},"end":{"line":181,"column":7}},"52":{"start":{"line":183,"column":4},"end":{"line":183,"column":51}},"53":{"start":{"line":185,"column":4},"end":{"line":190,"column":5}},"54":{"start":{"line":186,"column":6},"end":{"line":189,"column":9}},"55":{"start":{"line":192,"column":4},"end":{"line":196,"column":7}},"56":{"start":{"line":205,"column":0},"end":{"line":261,"column":2}},"57":{"start":{"line":206,"column":2},"end":{"line":260,"column":3}},"58":{"start":{"line":207,"column":19},"end":{"line":207,"column":40}},"59":{"start":{"line":208,"column":4},"end":{"line":213,"column":5}},"60":{"start":{"line":209,"column":6},"end":{"line":212,"column":9}},"61":{"start":{"line":215,"column":19},"end":{"line":215,"column":29}},"62":{"start":{"line":218,"column":21},"end":{"line":220,"column":6}},"63":{"start":{"line":222,"column":4},"end":{"line":227,"column":5}},"64":{"start":{"line":223,"column":6},"end":{"line":226,"column":9}},"65":{"start":{"line":230,"column":22},"end":{"line":233,"column":5}},"66":{"start":{"line":234,"column":23},"end":{"line":237,"column":5}},"67":{"start":{"line":239,"column":4},"end":{"line":245,"column":5}},"68":{"start":{"line":240,"column":6},"end":{"line":244,"column":9}},"69":{"start":{"line":247,"column":4},"end":{"line":247,"column":64}},"70":{"start":{"line":249,"column":4},"end":{"line":252,"column":7}},"71":{"start":{"line":254,"column":4},"end":{"line":254,"column":51}},"72":{"start":{"line":255,"column":4},"end":{"line":259,"column":7}}},"fnMap":{"0":{"name":"(anonymous_0)","decl":{"start":{"line":14,"column":24},"end":{"line":14,"column":25}},"loc":{"start":{"line":14,"column":44},"end":{"line":41,"column":1}},"line":14},"1":{"name":"(anonymous_1)","decl":{"start":{"line":48,"column":26},"end":{"line":48,"column":27}},"loc":{"start":{"line":48,"column":46},"end":{"line":83,"column":1}},"line":48},"2":{"name":"(anonymous_2)","decl":{"start":{"line":90,"column":25},"end":{"line":90,"column":26}},"loc":{"start":{"line":90,"column":45},"end":{"line":134,"column":1}},"line":90},"3":{"name":"(anonymous_3)","decl":{"start":{"line":141,"column":25},"end":{"line":141,"column":26}},"loc":{"start":{"line":141,"column":45},"end":{"line":198,"column":1}},"line":141},"4":{"name":"(anonymous_4)","decl":{"start":{"line":205,"column":25},"end":{"line":205,"column":26}},"loc":{"start":{"line":205,"column":45},"end":{"line":261,"column":1}},"line":205}},"branchMap":{"0":{"loc":{"start":{"line":16,"column":12},"end":{"line":16,"column":32}},"type":"default-arg","locations":[{"start":{"line":16,"column":26},"end":{"line":16,"column":32}}],"line":16},"1":{"loc":{"start":{"line":21,"column":4},"end":{"line":23,"column":5}},"type":"if","locations":[{"start":{"line":21,"column":4},"end":{"line":23,"column":5}},{"start":{},"end":{}}],"line":21},"2":{"loc":{"start":{"line":38,"column":13},"end":{"line":38,"column":79}},"type":"cond-expr","locations":[{"start":{"line":38,"column":54},"end":{"line":38,"column":67}},{"start":{"line":38,"column":70},"end":{"line":38,"column":79}}],"line":38},"3":{"loc":{"start":{"line":51,"column":4},"end":{"line":56,"column":5}},"type":"if","locations":[{"start":{"line":51,"column":4},"end":{"line":56,"column":5}},{"start":{},"end":{}}],"line":51},"4":{"loc":{"start":{"line":64,"column":4},"end":{"line":69,"column":5}},"type":"if","locations":[{"start":{"line":64,"column":4},"end":{"line":69,"column":5}},{"start":{},"end":{}}],"line":64},"5":{"loc":{"start":{"line":80,"column":13},"end":{"line":80,"column":79}},"type":"cond-expr","locations":[{"start":{"line":80,"column":54},"end":{"line":80,"column":67}},{"start":{"line":80,"column":70},"end":{"line":80,"column":79}}],"line":80},"6":{"loc":{"start":{"line":93,"column":4},"end":{"line":98,"column":5}},"type":"if","locations":[{"start":{"line":93,"column":4},"end":{"line":98,"column":5}},{"start":{},"end":{}}],"line":93},"7":{"loc":{"start":{"line":104,"column":13},"end":{"line":104,"column":32}},"type":"binary-expr","locations":[{"start":{"line":104,"column":13},"end":{"line":104,"column":24}},{"start":{"line":104,"column":28},"end":{"line":104,"column":32}}],"line":104},"8":{"loc":{"start":{"line":104,"column":34},"end":{"line":104,"column":46}},"type":"binary-expr","locations":[{"start":{"line":104,"column":34},"end":{"line":104,"column":38}},{"start":{"line":104,"column":42},"end":{"line":104,"column":46}}],"line":104},"9":{"loc":{"start":{"line":121,"column":4},"end":{"line":126,"column":5}},"type":"if","locations":[{"start":{"line":121,"column":4},"end":{"line":126,"column":5}},{"start":{},"end":{}}],"line":121},"10":{"loc":{"start":{"line":131,"column":13},"end":{"line":131,"column":79}},"type":"cond-expr","locations":[{"start":{"line":131,"column":54},"end":{"line":131,"column":67}},{"start":{"line":131,"column":70},"end":{"line":131,"column":79}}],"line":131},"11":{"loc":{"start":{"line":144,"column":4},"end":{"line":149,"column":5}},"type":"if","locations":[{"start":{"line":144,"column":4},"end":{"line":149,"column":5}},{"start":{},"end":{}}],"line":144},"12":{"loc":{"start":{"line":159,"column":4},"end":{"line":164,"column":5}},"type":"if","locations":[{"start":{"line":159,"column":4},"end":{"line":164,"column":5}},{"start":{},"end":{}}],"line":159},"13":{"loc":{"start":{"line":170,"column":13},"end":{"line":170,"column":32}},"type":"binary-expr","locations":[{"start":{"line":170,"column":13},"end":{"line":170,"column":24}},{"start":{"line":170,"column":28},"end":{"line":170,"column":32}}],"line":170},"14":{"loc":{"start":{"line":170,"column":34},"end":{"line":170,"column":46}},"type":"binary-expr","locations":[{"start":{"line":170,"column":34},"end":{"line":170,"column":38}},{"start":{"line":170,"column":42},"end":{"line":170,"column":46}}],"line":170},"15":{"loc":{"start":{"line":185,"column":4},"end":{"line":190,"column":5}},"type":"if","locations":[{"start":{"line":185,"column":4},"end":{"line":190,"column":5}},{"start":{},"end":{}}],"line":185},"16":{"loc":{"start":{"line":195,"column":13},"end":{"line":195,"column":79}},"type":"cond-expr","locations":[{"start":{"line":195,"column":54},"end":{"line":195,"column":67}},{"start":{"line":195,"column":70},"end":{"line":195,"column":79}}],"line":195},"17":{"loc":{"start":{"line":208,"column":4},"end":{"line":213,"column":5}},"type":"if","locations":[{"start":{"line":208,"column":4},"end":{"line":213,"column":5}},{"start":{},"end":{}}],"line":208},"18":{"loc":{"start":{"line":222,"column":4},"end":{"line":227,"column":5}},"type":"if","locations":[{"start":{"line":222,"column":4},"end":{"line":227,"column":5}},{"start":{},"end":{}}],"line":222},"19":{"loc":{"start":{"line":239,"column":4},"end":{"line":245,"column":5}},"type":"if","locations":[{"start":{"line":239,"column":4},"end":{"line":245,"column":5}},{"start":{},"end":{}}],"line":239},"20":{"loc":{"start":{"line":239,"column":8},"end":{"line":239,"column":57}},"type":"binary-expr","locations":[{"start":{"line":239,"column":8},"end":{"line":239,"column":30}},{"start":{"line":239,"column":34},"end":{"line":239,"column":57}}],"line":239},"21":{"loc":{"start":{"line":258,"column":13},"end":{"line":258,"column":79}},"type":"cond-expr","locations":[{"start":{"line":258,"column":54},"end":{"line":258,"column":67}},{"start":{"line":258,"column":70},"end":{"line":258,"column":79}}],"line":258}},"s":{"0":1,"1":1,"2":1,"3":0,"4":0,"5":0,"6":0,"7":0,"8":0,"9":0,"10":0,"11":0,"12":0,"13":0,"14":1,"15":0,"16":0,"17":0,"18":0,"19":0,"20":0,"21":0,"22":0,"23":0,"24":0,"25":0,"26":1,"27":0,"28":0,"29":0,"30":0,"31":0,"32":0,"33":0,"34":0,"35":0,"36":0,"37":0,"38":0,"39":1,"40":0,"41":0,"42":0,"43":0,"44":0,"45":0,"46":0,"47":0,"48":0,"49":0,"50":0,"51":0,"52":0,"53":0,"54":0,"55":0,"56":1,"57":0,"58":0,"59":0,"60":0,"61":0,"62":0,"63":0,"64":0,"65":0,"66":0,"67":0,"68":0,"69":0,"70":0,"71":0,"72":0},"f":{"0":0,"1":0,"2":0,"3":0,"4":0},"b":{"0":[0],"1":[0,0],"2":[0,0],"3":[0,0],"4":[0,0],"5":[0,0],"6":[0,0],"7":[0,0],"8":[0,0],"9":[0,0],"10":[0,0],"11":[0,0],"12":[0,0],"13":[0,0],"14":[0,0],"15":[0,0],"16":[0,0],"17":[0,0],"18":[0,0],"19":[0,0],"20":[0,0],"21":[0,0]},"_coverageSchema":"1a1c01bbd47fc00a2c39e90264f33305004495a9","hash":"641e35a25c4fcb2e1ec29a7673aa701e6451744d"}
,"C:\\Users\\Harley Jovellano\\Documents\\Lost and Found API\\src\\controllers\\foundItemController.js": {"path":"C:\\Users\\Harley Jovellano\\Documents\\Lost and Found API\\src\\controllers\\foundItemController.js","statementMap":{"0":{"start":{"line":13,"column":29},"end":{"line":13,"column":57}},"1":{"start":{"line":14,"column":11},"end":{"line":14,"column":40}},"2":{"start":{"line":15,"column":37},"end":{"line":15,"column":67}},"3":{"start":{"line":22,"column":0},"end":{"line":177,"column":2}},"4":{"start":{"line":24,"column":24},"end":{"line":24,"column":26}},"5":{"start":{"line":26,"column":2},"end":{"line":176,"column":3}},"6":{"start":{"line":28,"column":19},"end":{"line":28,"column":40}},"7":{"start":{"line":29,"column":4},"end":{"line":38,"column":5}},"8":{"start":{"line":31,"column":6},"end":{"line":33,"column":7}},"9":{"start":{"line":32,"column":8},"end":{"line":32,"column":59}},"10":{"start":{"line":32,"column":36},"end":{"line":32,"column":57}},"11":{"start":{"line":34,"column":6},"end":{"line":37,"column":9}},"12":{"start":{"line":52,"column":8},"end":{"line":52,"column":16}},"13":{"start":{"line":54,"column":20},"end":{"line":54,"column":31}},"14":{"start":{"line":57,"column":4},"end":{"line":57,"column":45}},"15":{"start":{"line":59,"column":4},"end":{"line":168,"column":5}},"16":{"start":{"line":61,"column":21},"end":{"line":81,"column":7}},"17":{"start":{"line":83,"column":26},"end":{"line":83,"column":44}},"18":{"start":{"line":86,"column":6},"end":{"line":125,"column":7}},"19":{"start":{"line":87,"column":8},"end":{"line":124,"column":9}},"20":{"start":{"line":87,"column":21},"end":{"line":87,"column":22}},"21":{"start":{"line":88,"column":23},"end":{"line":88,"column":35}},"22":{"start":{"line":90,"column":10},"end":{"line":90,"column":40}},"23":{"start":{"line":93,"column":28},"end":{"line":93,"column":57}},"24":{"start":{"line":96,"column":10},"end":{"line":113,"column":12}},"25":{"start":{"line":116,"column":10},"end":{"line":123,"column":11}},"26":{"start":{"line":122,"column":12},"end":{"line":122,"column":34}},"27":{"start":{"line":127,"column":6},"end":{"line":127,"column":34}},"28":{"start":{"line":130,"column":24},"end":{"line":146,"column":7}},"29":{"start":{"line":149,"column":6},"end":{"line":153,"column":8}},"30":{"start":{"line":155,"column":6},"end":{"line":162,"column":9}},"31":{"start":{"line":164,"column":6},"end":{"line":164,"column":52}},"32":{"start":{"line":164,"column":22},"end":{"line":164,"column":52}},"33":{"start":{"line":166,"column":6},"end":{"line":166,"column":64}},"34":{"start":{"line":166,"column":42},"end":{"line":166,"column":62}},"35":{"start":{"line":167,"column":6},"end":{"line":167,"column":18}},"36":{"start":{"line":170,"column":4},"end":{"line":170,"column":53}},"37":{"start":{"line":171,"column":4},"end":{"line":175,"column":7}},"38":{"start":{"line":184,"column":0},"end":{"line":320,"column":2}},"39":{"start":{"line":185,"column":2},"end":{"line":319,"column":3}},"40":{"start":{"line":186,"column":19},"end":{"line":186,"column":40}},"41":{"start":{"line":187,"column":4},"end":{"line":192,"column":5}},"42":{"start":{"line":188,"column":6},"end":{"line":191,"column":9}},"43":{"start":{"line":204,"column":8},"end":{"line":204,"column":17}},"44":{"start":{"line":206,"column":19},"end":{"line":206,"column":37}},"45":{"start":{"line":209,"column":26},"end":{"line":209,"column":28}},"46":{"start":{"line":210,"column":17},"end":{"line":210,"column":19}},"47":{"start":{"line":214,"column":4},"end":{"line":222,"column":5}},"48":{"start":{"line":218,"column":6},"end":{"line":218,"column":53}},"49":{"start":{"line":219,"column":11},"end":{"line":222,"column":5}},"50":{"start":{"line":220,"column":6},"end":{"line":220,"column":44}},"51":{"start":{"line":221,"column":6},"end":{"line":221,"column":26}},"52":{"start":{"line":225,"column":4},"end":{"line":231,"column":5}},"53":{"start":{"line":226,"column":6},"end":{"line":228,"column":8}},"54":{"start":{"line":229,"column":25},"end":{"line":229,"column":38}},"55":{"start":{"line":230,"column":6},"end":{"line":230,"column":54}},"56":{"start":{"line":234,"column":4},"end":{"line":237,"column":5}},"57":{"start":{"line":235,"column":6},"end":{"line":235,"column":49}},"58":{"start":{"line":236,"column":6},"end":{"line":236,"column":31}},"59":{"start":{"line":240,"column":4},"end":{"line":243,"column":5}},"60":{"start":{"line":241,"column":6},"end":{"line":241,"column":55}},"61":{"start":{"line":242,"column":6},"end":{"line":242,"column":31}},"62":{"start":{"line":246,"column":4},"end":{"line":249,"column":5}},"63":{"start":{"line":247,"column":6},"end":{"line":247,"column":49}},"64":{"start":{"line":248,"column":6},"end":{"line":248,"column":29}},"65":{"start":{"line":250,"column":4},"end":{"line":253,"column":5}},"66":{"start":{"line":251,"column":6},"end":{"line":251,"column":49}},"67":{"start":{"line":252,"column":6},"end":{"line":252,"column":27}},"68":{"start":{"line":256,"column":4},"end":{"line":259,"column":5}},"69":{"start":{"line":257,"column":6},"end":{"line":257,"column":59}},"70":{"start":{"line":258,"column":6},"end":{"line":258,"column":60}},"71":{"start":{"line":262,"column":6},"end":{"line":264,"column":12}},"72":{"start":{"line":267,"column":24},"end":{"line":272,"column":5}},"73":{"start":{"line":273,"column":18},"end":{"line":273,"column":38}},"74":{"start":{"line":276,"column":18},"end":{"line":294,"column":5}},"75":{"start":{"line":297,"column":27},"end":{"line":300,"column":7}},"76":{"start":{"line":297,"column":48},"end":{"line":300,"column":5}},"77":{"start":{"line":302,"column":4},"end":{"line":311,"column":7}},"78":{"start":{"line":313,"column":4},"end":{"line":313,"column":51}},"79":{"start":{"line":314,"column":4},"end":{"line":318,"column":7}},"80":{"start":{"line":327,"column":0},"end":{"line":401,"column":2}},"81":{"start":{"line":328,"column":2},"end":{"line":400,"column":3}},"82":{"start":{"line":329,"column":19},"end":{"line":329,"column":40}},"83":{"start":{"line":330,"column":4},"end":{"line":335,"column":5}},"84":{"start":{"line":331,"column":6},"end":{"line":334,"column":9}},"85":{"start":{"line":337,"column":19},"end":{"line":337,"column":29}},"86":{"start":{"line":339,"column":18},"end":{"line":356,"column":5}},"87":{"start":{"line":358,"column":4},"end":{"line":363,"column":5}},"88":{"start":{"line":359,"column":6},"end":{"line":362,"column":9}},"89":{"start":{"line":365,"column":17},"end":{"line":365,"column":25}},"90":{"start":{"line":368,"column":20},"end":{"line":368,"column":60}},"91":{"start":{"line":370,"column":6},"end":{"line":370,"column":77}},"92":{"start":{"line":371,"column":23},"end":{"line":371,"column":49}},"93":{"start":{"line":373,"column":4},"end":{"line":378,"column":5}},"94":{"start":{"line":374,"column":6},"end":{"line":377,"column":9}},"95":{"start":{"line":381,"column":4},"end":{"line":384,"column":5}},"96":{"start":{"line":382,"column":6},"end":{"line":382,"column":24}},"97":{"start":{"line":383,"column":6},"end":{"line":383,"column":35}},"98":{"start":{"line":386,"column":4},"end":{"line":392,"column":7}},"99":{"start":{"line":394,"column":4},"end":{"line":394,"column":50}},"100":{"start":{"line":395,"column":4},"end":{"line":399,"column":7}},"101":{"start":{"line":408,"column":0},"end":{"line":515,"column":2}},"102":{"start":{"line":409,"column":2},"end":{"line":514,"column":3}},"103":{"start":{"line":410,"column":19},"end":{"line":410,"column":40}},"104":{"start":{"line":411,"column":4},"end":{"line":416,"column":5}},"105":{"start":{"line":412,"column":6},"end":{"line":415,"column":9}},"106":{"start":{"line":418,"column":19},"end":{"line":418,"column":29}},"107":{"start":{"line":431,"column":8},"end":{"line":431,"column":16}},"108":{"start":{"line":434,"column":18},"end":{"line":437,"column":5}},"109":{"start":{"line":439,"column":4},"end":{"line":444,"column":5}},"110":{"start":{"line":440,"column":6},"end":{"line":443,"column":9}},"111":{"start":{"line":446,"column":4},"end":{"line":451,"column":5}},"112":{"start":{"line":447,"column":6},"end":{"line":450,"column":9}},"113":{"start":{"line":454,"column":4},"end":{"line":475,"column":6}},"114":{"start":{"line":478,"column":4},"end":{"line":482,"column":6}},"115":{"start":{"line":485,"column":25},"end":{"line":497,"column":5}},"116":{"start":{"line":499,"column":4},"end":{"line":506,"column":7}},"117":{"start":{"line":508,"column":4},"end":{"line":508,"column":53}},"118":{"start":{"line":509,"column":4},"end":{"line":513,"column":7}},"119":{"start":{"line":522,"column":0},"end":{"line":582,"column":2}},"120":{"start":{"line":523,"column":2},"end":{"line":581,"column":3}},"121":{"start":{"line":524,"column":19},"end":{"line":524,"column":40}},"122":{"start":{"line":525,"column":4},"end":{"line":530,"column":5}},"123":{"start":{"line":526,"column":6},"end":{"line":529,"column":9}},"124":{"start":{"line":532,"column":19},"end":{"line":532,"column":29}},"125":{"start":{"line":535,"column":18},"end":{"line":538,"column":5}},"126":{"start":{"line":540,"column":4},"end":{"line":545,"column":5}},"127":{"start":{"line":541,"column":6},"end":{"line":544,"column":9}},"128":{"start":{"line":547,"column":20},"end":{"line":547,"column":52}},"129":{"start":{"line":548,"column":20},"end":{"line":548,"column":77}},"130":{"start":{"line":550,"column":4},"end":{"line":555,"column":5}},"131":{"start":{"line":551,"column":6},"end":{"line":554,"column":9}},"132":{"start":{"line":558,"column":4},"end":{"line":561,"column":6}},"133":{"start":{"line":564,"column":4},"end":{"line":568,"column":6}},"134":{"start":{"line":570,"column":4},"end":{"line":573,"column":7}},"135":{"start":{"line":575,"column":4},"end":{"line":575,"column":53}},"136":{"start":{"line":576,"column":4},"end":{"line":580,"column":7}},"137":{"start":{"line":589,"column":0},"end":{"line":683,"column":2}},"138":{"start":{"line":590,"column":2},"end":{"line":682,"column":3}},"139":{"start":{"line":591,"column":19},"end":{"line":591,"column":40}},"140":{"start":{"line":592,"column":4},"end":{"line":597,"column":5}},"141":{"start":{"line":593,"column":6},"end":{"line":596,"column":9}},"142":{"start":{"line":599,"column":19},"end":{"line":599,"column":29}},"143":{"start":{"line":600,"column":41},"end":{"line":600,"column":49}},"144":{"start":{"line":603,"column":4},"end":{"line":608,"column":5}},"145":{"start":{"line":604,"column":6},"end":{"line":607,"column":9}},"146":{"start":{"line":611,"column":18},"end":{"line":614,"column":5}},"147":{"start":{"line":616,"column":4},"end":{"line":621,"column":5}},"148":{"start":{"line":617,"column":6},"end":{"line":620,"column":9}},"149":{"start":{"line":623,"column":23},"end":{"line":623,"column":39}},"150":{"start":{"line":626,"column":4},"end":{"line":626,"column":32}},"151":{"start":{"line":628,"column":4},"end":{"line":674,"column":5}},"152":{"start":{"line":630,"column":6},"end":{"line":635,"column":8}},"153":{"start":{"line":639,"column":8},"end":{"line":643,"column":14}},"154":{"start":{"line":645,"column":6},"end":{"line":649,"column":8}},"155":{"start":{"line":651,"column":6},"end":{"line":651,"column":24}},"156":{"start":{"line":654,"column":6},"end":{"line":665,"column":8}},"157":{"start":{"line":667,"column":6},"end":{"line":670,"column":9}},"158":{"start":{"line":672,"column":6},"end":{"line":672,"column":26}},"159":{"start":{"line":673,"column":6},"end":{"line":673,"column":18}},"160":{"start":{"line":676,"column":4},"end":{"line":676,"column":53}},"161":{"start":{"line":677,"column":4},"end":{"line":681,"column":7}}},"fnMap":{"0":{"name":"(anonymous_0)","decl":{"start":{"line":22,"column":26},"end":{"line":22,"column":27}},"loc":{"start":{"line":22,"column":46},"end":{"line":177,"column":1}},"line":22},"1":{"name":"(anonymous_1)","decl":{"start":{"line":32,"column":26},"end":{"line":32,"column":27}},"loc":{"start":{"line":32,"column":36},"end":{"line":32,"column":57}},"line":32},"2":{"name":"(anonymous_2)","decl":{"start":{"line":166,"column":28},"end":{"line":166,"column":29}},"loc":{"start":{"line":166,"column":42},"end":{"line":166,"column":62}},"line":166},"3":{"name":"(anonymous_3)","decl":{"start":{"line":184,"column":24},"end":{"line":184,"column":25}},"loc":{"start":{"line":184,"column":44},"end":{"line":320,"column":1}},"line":184},"4":{"name":"(anonymous_4)","decl":{"start":{"line":297,"column":37},"end":{"line":297,"column":38}},"loc":{"start":{"line":297,"column":48},"end":{"line":300,"column":5}},"line":297},"5":{"name":"(anonymous_5)","decl":{"start":{"line":327,"column":27},"end":{"line":327,"column":28}},"loc":{"start":{"line":327,"column":47},"end":{"line":401,"column":1}},"line":327},"6":{"name":"(anonymous_6)","decl":{"start":{"line":408,"column":26},"end":{"line":408,"column":27}},"loc":{"start":{"line":408,"column":46},"end":{"line":515,"column":1}},"line":408},"7":{"name":"(anonymous_7)","decl":{"start":{"line":522,"column":26},"end":{"line":522,"column":27}},"loc":{"start":{"line":522,"column":46},"end":{"line":582,"column":1}},"line":522},"8":{"name":"(anonymous_8)","decl":{"start":{"line":589,"column":26},"end":{"line":589,"column":27}},"loc":{"start":{"line":589,"column":46},"end":{"line":683,"column":1}},"line":589}},"branchMap":{"0":{"loc":{"start":{"line":29,"column":4},"end":{"line":38,"column":5}},"type":"if","locations":[{"start":{"line":29,"column":4},"end":{"line":38,"column":5}},{"start":{},"end":{}}],"line":29},"1":{"loc":{"start":{"line":31,"column":6},"end":{"line":33,"column":7}},"type":"if","locations":[{"start":{"line":31,"column":6},"end":{"line":33,"column":7}},{"start":{},"end":{}}],"line":31},"2":{"loc":{"start":{"line":72,"column":10},"end":{"line":72,"column":35}},"type":"binary-expr","locations":[{"start":{"line":72,"column":10},"end":{"line":72,"column":27}},{"start":{"line":72,"column":31},"end":{"line":72,"column":35}}],"line":72},"3":{"loc":{"start":{"line":74,"column":10},"end":{"line":74,"column":28}},"type":"binary-expr","locations":[{"start":{"line":74,"column":10},"end":{"line":74,"column":20}},{"start":{"line":74,"column":24},"end":{"line":74,"column":28}}],"line":74},"4":{"loc":{"start":{"line":75,"column":10},"end":{"line":75,"column":37}},"type":"binary-expr","locations":[{"start":{"line":75,"column":10},"end":{"line":75,"column":29}},{"start":{"line":75,"column":33},"end":{"line":75,"column":37}}],"line":75},"5":{"loc":{"start":{"line":76,"column":10},"end":{"line":76,"column":31}},"type":"binary-expr","locations":[{"start":{"line":76,"column":10},"end":{"line":76,"column":23}},{"start":{"line":76,"column":27},"end":{"line":76,"column":31}}],"line":76},"6":{"loc":{"start":{"line":77,"column":10},"end":{"line":77,"column":40}},"type":"binary-expr","locations":[{"start":{"line":77,"column":10},"end":{"line":77,"column":31}},{"start":{"line":77,"column":35},"end":{"line":77,"column":40}}],"line":77},"7":{"loc":{"start":{"line":78,"column":10},"end":{"line":78,"column":36}},"type":"binary-expr","locations":[{"start":{"line":78,"column":10},"end":{"line":78,"column":28}},{"start":{"line":78,"column":32},"end":{"line":78,"column":36}}],"line":78},"8":{"loc":{"start":{"line":79,"column":10},"end":{"line":79,"column":33}},"type":"binary-expr","locations":[{"start":{"line":79,"column":10},"end":{"line":79,"column":25}},{"start":{"line":79,"column":29},"end":{"line":79,"column":33}}],"line":79},"9":{"loc":{"start":{"line":86,"column":6},"end":{"line":125,"column":7}},"type":"if","locations":[{"start":{"line":86,"column":6},"end":{"line":125,"column":7}},{"start":{},"end":{}}],"line":86},"10":{"loc":{"start":{"line":86,"column":10},"end":{"line":86,"column":43}},"type":"binary-expr","locations":[{"start":{"line":86,"column":10},"end":{"line":86,"column":19}},{"start":{"line":86,"column":23},"end":{"line":86,"column":43}}],"line":86},"11":{"loc":{"start":{"line":116,"column":10},"end":{"line":123,"column":11}},"type":"if","locations":[{"start":{"line":116,"column":10},"end":{"line":123,"column":11}},{"start":{},"end":{}}],"line":116},"12":{"loc":{"start":{"line":117,"column":12},"end":{"line":119,"column":49}},"type":"binary-expr","locations":[{"start":{"line":117,"column":12},"end":{"line":117,"column":21}},{"start":{"line":118,"column":12},"end":{"line":118,"column":35}},{"start":{"line":119,"column":12},"end":{"line":119,"column":49}}],"line":117},"13":{"loc":{"start":{"line":160,"column":18},"end":{"line":160,"column":75}},"type":"cond-expr","locations":[{"start":{"line":160,"column":40},"end":{"line":160,"column":70}},{"start":{"line":160,"column":73},"end":{"line":160,"column":75}}],"line":160},"14":{"loc":{"start":{"line":164,"column":6},"end":{"line":164,"column":52}},"type":"if","locations":[{"start":{"line":164,"column":6},"end":{"line":164,"column":52}},{"start":{},"end":{}}],"line":164},"15":{"loc":{"start":{"line":174,"column":13},"end":{"line":174,"column":79}},"type":"cond-expr","locations":[{"start":{"line":174,"column":54},"end":{"line":174,"column":67}},{"start":{"line":174,"column":70},"end":{"line":174,"column":79}}],"line":174},"16":{"loc":{"start":{"line":187,"column":4},"end":{"line":192,"column":5}},"type":"if","locations":[{"start":{"line":187,"column":4},"end":{"line":192,"column":5}},{"start":{},"end":{}}],"line":187},"17":{"loc":{"start":{"line":202,"column":6},"end":{"line":202,"column":14}},"type":"default-arg","locations":[{"start":{"line":202,"column":13},"end":{"line":202,"column":14}}],"line":202},"18":{"loc":{"start":{"line":203,"column":6},"end":{"line":203,"column":16}},"type":"default-arg","locations":[{"start":{"line":203,"column":14},"end":{"line":203,"column":16}}],"line":203},"19":{"loc":{"start":{"line":214,"column":4},"end":{"line":222,"column":5}},"type":"if","locations":[{"start":{"line":214,"column":4},"end":{"line":222,"column":5}},{"start":{"line":219,"column":11},"end":{"line":222,"column":5}}],"line":214},"20":{"loc":{"start":{"line":215,"column":6},"end":{"line":216,"column":65}},"type":"binary-expr","locations":[{"start":{"line":215,"column":6},"end":{"line":215,"column":15}},{"start":{"line":216,"column":7},"end":{"line":216,"column":32}},{"start":{"line":216,"column":36},"end":{"line":216,"column":64}}],"line":215},"21":{"loc":{"start":{"line":219,"column":11},"end":{"line":222,"column":5}},"type":"if","locations":[{"start":{"line":219,"column":11},"end":{"line":222,"column":5}},{"start":{},"end":{}}],"line":219},"22":{"loc":{"start":{"line":225,"column":4},"end":{"line":231,"column":5}},"type":"if","locations":[{"start":{"line":225,"column":4},"end":{"line":231,"column":5}},{"start":{},"end":{}}],"line":225},"23":{"loc":{"start":{"line":234,"column":4},"end":{"line":237,"column":5}},"type":"if","locations":[{"start":{"line":234,"column":4},"end":{"line":237,"column":5}},{"start":{},"end":{}}],"line":234},"24":{"loc":{"start":{"line":240,"column":4},"end":{"line":243,"column":5}},"type":"if","locations":[{"start":{"line":240,"column":4},"end":{"line":243,"column":5}},{"start":{},"end":{}}],"line":240},"25":{"loc":{"start":{"line":246,"column":4},"end":{"line":249,"column":5}},"type":"if","locations":[{"start":{"line":246,"column":4},"end":{"line":249,"column":5}},{"start":{},"end":{}}],"line":246},"26":{"loc":{"start":{"line":250,"column":4},"end":{"line":253,"column":5}},"type":"if","locations":[{"start":{"line":250,"column":4},"end":{"line":253,"column":5}},{"start":{},"end":{}}],"line":250},"27":{"loc":{"start":{"line":256,"column":4},"end":{"line":259,"column":5}},"type":"if","locations":[{"start":{"line":256,"column":4},"end":{"line":259,"column":5}},{"start":{},"end":{}}],"line":256},"28":{"loc":{"start":{"line":258,"column":18},"end":{"line":258,"column":58}},"type":"cond-expr","locations":[{"start":{"line":258,"column":53},"end":{"line":258,"column":54}},{"start":{"line":258,"column":57},"end":{"line":258,"column":58}}],"line":258},"29":{"loc":{"start":{"line":262,"column":6},"end":{"line":264,"column":12}},"type":"cond-expr","locations":[{"start":{"line":263,"column":10},"end":{"line":263,"column":50}},{"start":{"line":264,"column":10},"end":{"line":264,"column":12}}],"line":262},"30":{"loc":{"start":{"line":299,"column":14},"end":{"line":299,"column":55}},"type":"cond-expr","locations":[{"start":{"line":299,"column":28},"end":{"line":299,"column":50}},{"start":{"line":299,"column":53},"end":{"line":299,"column":55}}],"line":299},"31":{"loc":{"start":{"line":317,"column":13},"end":{"line":317,"column":79}},"type":"cond-expr","locations":[{"start":{"line":317,"column":54},"end":{"line":317,"column":67}},{"start":{"line":317,"column":70},"end":{"line":317,"column":79}}],"line":317},"32":{"loc":{"start":{"line":330,"column":4},"end":{"line":335,"column":5}},"type":"if","locations":[{"start":{"line":330,"column":4},"end":{"line":335,"column":5}},{"start":{},"end":{}}],"line":330},"33":{"loc":{"start":{"line":358,"column":4},"end":{"line":363,"column":5}},"type":"if","locations":[{"start":{"line":358,"column":4},"end":{"line":363,"column":5}},{"start":{},"end":{}}],"line":358},"34":{"loc":{"start":{"line":368,"column":20},"end":{"line":368,"column":60}},"type":"binary-expr","locations":[{"start":{"line":368,"column":20},"end":{"line":368,"column":28}},{"start":{"line":368,"column":32},"end":{"line":368,"column":60}}],"line":368},"35":{"loc":{"start":{"line":370,"column":6},"end":{"line":370,"column":77}},"type":"binary-expr","locations":[{"start":{"line":370,"column":6},"end":{"line":370,"column":14}},{"start":{"line":370,"column":19},"end":{"line":370,"column":44}},{"start":{"line":370,"column":48},"end":{"line":370,"column":76}}],"line":370},"36":{"loc":{"start":{"line":373,"column":4},"end":{"line":378,"column":5}},"type":"if","locations":[{"start":{"line":373,"column":4},"end":{"line":378,"column":5}},{"start":{},"end":{}}],"line":373},"37":{"loc":{"start":{"line":373,"column":8},"end":{"line":373,"column":43}},"type":"binary-expr","locations":[{"start":{"line":373,"column":8},"end":{"line":373,"column":19}},{"start":{"line":373,"column":23},"end":{"line":373,"column":31}},{"start":{"line":373,"column":35},"end":{"line":373,"column":43}}],"line":373},"38":{"loc":{"start":{"line":381,"column":4},"end":{"line":384,"column":5}},"type":"if","locations":[{"start":{"line":381,"column":4},"end":{"line":384,"column":5}},{"start":{},"end":{}}],"line":381},"39":{"loc":{"start":{"line":381,"column":8},"end":{"line":381,"column":28}},"type":"binary-expr","locations":[{"start":{"line":381,"column":8},"end":{"line":381,"column":16}},{"start":{"line":381,"column":20},"end":{"line":381,"column":28}}],"line":381},"40":{"loc":{"start":{"line":390,"column":16},"end":{"line":390,"column":57}},"type":"cond-expr","locations":[{"start":{"line":390,"column":30},"end":{"line":390,"column":52}},{"start":{"line":390,"column":55},"end":{"line":390,"column":57}}],"line":390},"41":{"loc":{"start":{"line":398,"column":13},"end":{"line":398,"column":79}},"type":"cond-expr","locations":[{"start":{"line":398,"column":54},"end":{"line":398,"column":67}},{"start":{"line":398,"column":70},"end":{"line":398,"column":79}}],"line":398},"42":{"loc":{"start":{"line":411,"column":4},"end":{"line":416,"column":5}},"type":"if","locations":[{"start":{"line":411,"column":4},"end":{"line":416,"column":5}},{"start":{},"end":{}}],"line":411},"43":{"loc":{"start":{"line":439,"column":4},"end":{"line":444,"column":5}},"type":"if","locations":[{"start":{"line":439,"column":4},"end":{"line":444,"column":5}},{"start":{},"end":{}}],"line":439},"44":{"loc":{"start":{"line":446,"column":4},"end":{"line":451,"column":5}},"type":"if","locations":[{"start":{"line":446,"column":4},"end":{"line":451,"column":5}},{"start":{},"end":{}}],"line":446},"45":{"loc":{"start":{"line":467,"column":8},"end":{"line":467,"column":26}},"type":"binary-expr","locations":[{"start":{"line":467,"column":8},"end":{"line":467,"column":18}},{"start":{"line":467,"column":22},"end":{"line":467,"column":26}}],"line":467},"46":{"loc":{"start":{"line":468,"column":8},"end":{"line":468,"column":35}},"type":"binary-expr","locations":[{"start":{"line":468,"column":8},"end":{"line":468,"column":27}},{"start":{"line":468,"column":31},"end":{"line":468,"column":35}}],"line":468},"47":{"loc":{"start":{"line":469,"column":8},"end":{"line":469,"column":29}},"type":"binary-expr","locations":[{"start":{"line":469,"column":8},"end":{"line":469,"column":21}},{"start":{"line":469,"column":25},"end":{"line":469,"column":29}}],"line":469},"48":{"loc":{"start":{"line":470,"column":8},"end":{"line":470,"column":38}},"type":"binary-expr","locations":[{"start":{"line":470,"column":8},"end":{"line":470,"column":29}},{"start":{"line":470,"column":33},"end":{"line":470,"column":38}}],"line":470},"49":{"loc":{"start":{"line":471,"column":8},"end":{"line":471,"column":34}},"type":"binary-expr","locations":[{"start":{"line":471,"column":8},"end":{"line":471,"column":26}},{"start":{"line":471,"column":30},"end":{"line":471,"column":34}}],"line":471},"50":{"loc":{"start":{"line":472,"column":8},"end":{"line":472,"column":31}},"type":"binary-expr","locations":[{"start":{"line":472,"column":8},"end":{"line":472,"column":23}},{"start":{"line":472,"column":27},"end":{"line":472,"column":31}}],"line":472},"51":{"loc":{"start":{"line":504,"column":16},"end":{"line":504,"column":79}},"type":"cond-expr","locations":[{"start":{"line":504,"column":41},"end":{"line":504,"column":74}},{"start":{"line":504,"column":77},"end":{"line":504,"column":79}}],"line":504},"52":{"loc":{"start":{"line":512,"column":13},"end":{"line":512,"column":79}},"type":"cond-expr","locations":[{"start":{"line":512,"column":54},"end":{"line":512,"column":67}},{"start":{"line":512,"column":70},"end":{"line":512,"column":79}}],"line":512},"53":{"loc":{"start":{"line":525,"column":4},"end":{"line":530,"column":5}},"type":"if","locations":[{"start":{"line":525,"column":4},"end":{"line":530,"column":5}},{"start":{},"end":{}}],"line":525},"54":{"loc":{"start":{"line":540,"column":4},"end":{"line":545,"column":5}},"type":"if","locations":[{"start":{"line":540,"column":4},"end":{"line":545,"column":5}},{"start":{},"end":{}}],"line":540},"55":{"loc":{"start":{"line":548,"column":20},"end":{"line":548,"column":77}},"type":"binary-expr","locations":[{"start":{"line":548,"column":20},"end":{"line":548,"column":45}},{"start":{"line":548,"column":49},"end":{"line":548,"column":77}}],"line":548},"56":{"loc":{"start":{"line":550,"column":4},"end":{"line":555,"column":5}},"type":"if","locations":[{"start":{"line":550,"column":4},"end":{"line":555,"column":5}},{"start":{},"end":{}}],"line":550},"57":{"loc":{"start":{"line":550,"column":8},"end":{"line":550,"column":28}},"type":"binary-expr","locations":[{"start":{"line":550,"column":8},"end":{"line":550,"column":16}},{"start":{"line":550,"column":20},"end":{"line":550,"column":28}}],"line":550},"58":{"loc":{"start":{"line":579,"column":13},"end":{"line":579,"column":79}},"type":"cond-expr","locations":[{"start":{"line":579,"column":54},"end":{"line":579,"column":67}},{"start":{"line":579,"column":70},"end":{"line":579,"column":79}}],"line":579},"59":{"loc":{"start":{"line":592,"column":4},"end":{"line":597,"column":5}},"type":"if","locations":[{"start":{"line":592,"column":4},"end":{"line":597,"column":5}},{"start":{},"end":{}}],"line":592},"60":{"loc":{"start":{"line":603,"column":4},"end":{"line":608,"column":5}},"type":"if","locations":[{"start":{"line":603,"column":4},"end":{"line":608,"column":5}},{"start":{},"end":{}}],"line":603},"61":{"loc":{"start":{"line":616,"column":4},"end":{"line":621,"column":5}},"type":"if","locations":[{"start":{"line":616,"column":4},"end":{"line":621,"column":5}},{"start":{},"end":{}}],"line":616},"62":{"loc":{"start":{"line":639,"column":8},"end":{"line":643,"column":14}},"type":"cond-expr","locations":[{"start":{"line":640,"column":12},"end":{"line":640,"column":54}},{"start":{"line":641,"column":12},"end":{"line":643,"column":14}}],"line":639},"63":{"loc":{"start":{"line":642,"column":14},"end":{"line":642,"column":49}},"type":"binary-expr","locations":[{"start":{"line":642,"column":14},"end":{"line":642,"column":30}},{"start":{"line":642,"column":34},"end":{"line":642,"column":49}}],"line":642},"64":{"loc":{"start":{"line":660,"column":12},"end":{"line":660,"column":60}},"type":"cond-expr","locations":[{"start":{"line":660,"column":31},"end":{"line":660,"column":55}},{"start":{"line":660,"column":58},"end":{"line":660,"column":60}}],"line":660},"65":{"loc":{"start":{"line":680,"column":13},"end":{"line":680,"column":79}},"type":"cond-expr","locations":[{"start":{"line":680,"column":54},"end":{"line":680,"column":67}},{"start":{"line":680,"column":70},"end":{"line":680,"column":79}}],"line":680}},"s":{"0":1,"1":1,"2":1,"3":1,"4":0,"5":0,"6":0,"7":0,"8":0,"9":0,"10":0,"11":0,"12":0,"13":0,"14":0,"15":0,"16":0,"17":0,"18":0,"19":0,"20":0,"21":0,"22":0,"23":0,"24":0,"25":0,"26":0,"27":0,"28":0,"29":0,"30":0,"31":0,"32":0,"33":0,"34":0,"35":0,"36":0,"37":0,"38":1,"39":0,"40":0,"41":0,"42":0,"43":0,"44":0,"45":0,"46":0,"47":0,"48":0,"49":0,"50":0,"51":0,"52":0,"53":0,"54":0,"55":0,"56":0,"57":0,"58":0,"59":0,"60":0,"61":0,"62":0,"63":0,"64":0,"65":0,"66":0,"67":0,"68":0,"69":0,"70":0,"71":0,"72":0,"73":0,"74":0,"75":0,"76":0,"77":0,"78":0,"79":0,"80":1,"81":0,"82":0,"83":0,"84":0,"85":0,"86":0,"87":0,"88":0,"89":0,"90":0,"91":0,"92":0,"93":0,"94":0,"95":0,"96":0,"97":0,"98":0,"99":0,"100":0,"101":1,"102":0,"103":0,"104":0,"105":0,"106":0,"107":0,"108":0,"109":0,"110":0,"111":0,"112":0,"113":0,"114":0,"115":0,"116":0,"117":0,"118":0,"119":1,"120":0,"121":0,"122":0,"123":0,"124":0,"125":0,"126":0,"127":0,"128":0,"129":0,"130":0,"131":0,"132":0,"133":0,"134":0,"135":0,"136":0,"137":1,"138":0,"139":0,"140":0,"141":0,"142":0,"143":0,"144":0,"145":0,"146":0,"147":0,"148":0,"149":0,"150":0,"151":0,"152":0,"153":0,"154":0,"155":0,"156":0,"157":0,"158":0,"159":0,"160":0,"161":0},"f":{"0":0,"1":0,"2":0,"3":0,"4":0,"5":0,"6":0,"7":0,"8":0},"b":{"0":[0,0],"1":[0,0],"2":[0,0],"3":[0,0],"4":[0,0],"5":[0,0],"6":[0,0],"7":[0,0],"8":[0,0],"9":[0,0],"10":[0,0],"11":[0,0],"12":[0,0,0],"13":[0,0],"14":[0,0],"15":[0,0],"16":[0,0],"17":[0],"18":[0],"19":[0,0],"20":[0,0,0],"21":[0,0],"22":[0,0],"23":[0,0],"24":[0,0],"25":[0,0],"26":[0,0],"27":[0,0],"28":[0,0],"29":[0,0],"30":[0,0],"31":[0,0],"32":[0,0],"33":[0,0],"34":[0,0],"35":[0,0,0],"36":[0,0],"37":[0,0,0],"38":[0,0],"39":[0,0],"40":[0,0],"41":[0,0],"42":[0,0],"43":[0,0],"44":[0,0],"45":[0,0],"46":[0,0],"47":[0,0],"48":[0,0],"49":[0,0],"50":[0,0],"51":[0,0],"52":[0,0],"53":[0,0],"54":[0,0],"55":[0,0],"56":[0,0],"57":[0,0],"58":[0,0],"59":[0,0],"60":[0,0],"61":[0,0],"62":[0,0],"63":[0,0],"64":[0,0],"65":[0,0]},"_coverageSchema":"1a1c01bbd47fc00a2c39e90264f33305004495a9","hash":"eb3a87bc38536e9df1af244fa33e23a9960b1e65"}
,"C:\\Users\\Harley Jovellano\\Documents\\Lost and Found API\\src\\controllers\\locationsController.js": {"path":"C:\\Users\\Harley Jovellano\\Documents\\Lost and Found API\\src\\controllers\\locationsController.js","statementMap":{"0":{"start":{"line":6,"column":11},"end":{"line":6,"column":40}},"1":{"start":{"line":7,"column":29},"end":{"line":7,"column":57}},"2":{"start":{"line":14,"column":0},"end":{"line":45,"column":2}},"3":{"start":{"line":15,"column":2},"end":{"line":44,"column":3}},"4":{"start":{"line":16,"column":51},"end":{"line":16,"column":60}},"5":{"start":{"line":18,"column":16},"end":{"line":18,"column":51}},"6":{"start":{"line":19,"column":17},"end":{"line":19,"column":19}},"7":{"start":{"line":21,"column":4},"end":{"line":23,"column":5}},"8":{"start":{"line":22,"column":6},"end":{"line":22,"column":39}},"9":{"start":{"line":25,"column":4},"end":{"line":27,"column":5}},"10":{"start":{"line":26,"column":6},"end":{"line":26,"column":40}},"11":{"start":{"line":29,"column":4},"end":{"line":29,"column":34}},"12":{"start":{"line":31,"column":22},"end":{"line":31,"column":51}},"13":{"start":{"line":33,"column":4},"end":{"line":36,"column":7}},"14":{"start":{"line":38,"column":4},"end":{"line":38,"column":49}},"15":{"start":{"line":39,"column":4},"end":{"line":43,"column":7}},"16":{"start":{"line":52,"column":0},"end":{"line":87,"column":2}},"17":{"start":{"line":53,"column":2},"end":{"line":86,"column":3}},"18":{"start":{"line":54,"column":19},"end":{"line":54,"column":40}},"19":{"start":{"line":55,"column":4},"end":{"line":60,"column":5}},"20":{"start":{"line":56,"column":6},"end":{"line":59,"column":9}},"21":{"start":{"line":62,"column":19},"end":{"line":62,"column":29}},"22":{"start":{"line":64,"column":22},"end":{"line":66,"column":6}},"23":{"start":{"line":68,"column":4},"end":{"line":73,"column":5}},"24":{"start":{"line":69,"column":6},"end":{"line":72,"column":9}},"25":{"start":{"line":75,"column":4},"end":{"line":78,"column":7}},"26":{"start":{"line":80,"column":4},"end":{"line":80,"column":48}},"27":{"start":{"line":81,"column":4},"end":{"line":85,"column":7}},"28":{"start":{"line":94,"column":0},"end":{"line":135,"column":2}},"29":{"start":{"line":95,"column":2},"end":{"line":134,"column":3}},"30":{"start":{"line":96,"column":19},"end":{"line":96,"column":40}},"31":{"start":{"line":97,"column":4},"end":{"line":102,"column":5}},"32":{"start":{"line":98,"column":6},"end":{"line":101,"column":9}},"33":{"start":{"line":104,"column":63},"end":{"line":104,"column":71}},"34":{"start":{"line":106,"column":19},"end":{"line":116,"column":5}},"35":{"start":{"line":118,"column":24},"end":{"line":120,"column":6}},"36":{"start":{"line":122,"column":4},"end":{"line":126,"column":7}},"37":{"start":{"line":128,"column":4},"end":{"line":128,"column":51}},"38":{"start":{"line":129,"column":4},"end":{"line":133,"column":7}},"39":{"start":{"line":142,"column":0},"end":{"line":201,"column":2}},"40":{"start":{"line":143,"column":2},"end":{"line":200,"column":3}},"41":{"start":{"line":144,"column":19},"end":{"line":144,"column":40}},"42":{"start":{"line":145,"column":4},"end":{"line":150,"column":5}},"43":{"start":{"line":146,"column":6},"end":{"line":149,"column":9}},"44":{"start":{"line":152,"column":19},"end":{"line":152,"column":29}},"45":{"start":{"line":154,"column":6},"end":{"line":154,"column":14}},"46":{"start":{"line":157,"column":21},"end":{"line":159,"column":6}},"47":{"start":{"line":161,"column":4},"end":{"line":166,"column":5}},"48":{"start":{"line":162,"column":6},"end":{"line":165,"column":9}},"49":{"start":{"line":168,"column":4},"end":{"line":182,"column":6}},"50":{"start":{"line":184,"column":20},"end":{"line":186,"column":6}},"51":{"start":{"line":188,"column":4},"end":{"line":192,"column":7}},"52":{"start":{"line":194,"column":4},"end":{"line":194,"column":51}},"53":{"start":{"line":195,"column":4},"end":{"line":199,"column":7}},"54":{"start":{"line":208,"column":0},"end":{"line":264,"column":2}},"55":{"start":{"line":209,"column":2},"end":{"line":263,"column":3}},"56":{"start":{"line":210,"column":19},"end":{"line":210,"column":40}},"57":{"start":{"line":211,"column":4},"end":{"line":216,"column":5}},"58":{"start":{"line":212,"column":6},"end":{"line":215,"column":9}},"59":{"start":{"line":218,"column":19},"end":{"line":218,"column":29}},"60":{"start":{"line":221,"column":21},"end":{"line":223,"column":6}},"61":{"start":{"line":225,"column":4},"end":{"line":230,"column":5}},"62":{"start":{"line":226,"column":6},"end":{"line":229,"column":9}},"63":{"start":{"line":233,"column":22},"end":{"line":236,"column":5}},"64":{"start":{"line":237,"column":23},"end":{"line":240,"column":5}},"65":{"start":{"line":242,"column":4},"end":{"line":248,"column":5}},"66":{"start":{"line":243,"column":6},"end":{"line":247,"column":9}},"67":{"start":{"line":250,"column":4},"end":{"line":250,"column":63}},"68":{"start":{"line":252,"column":4},"end":{"line":255,"column":7}},"69":{"start":{"line":257,"column":4},"end":{"line":257,"column":51}},"70":{"start":{"line":258,"column":4},"end":{"line":262,"column":7}}},"fnMap":{"0":{"name":"(anonymous_0)","decl":{"start":{"line":14,"column":23},"end":{"line":14,"column":24}},"loc":{"start":{"line":14,"column":43},"end":{"line":45,"column":1}},"line":14},"1":{"name":"(anonymous_1)","decl":{"start":{"line":52,"column":26},"end":{"line":52,"column":27}},"loc":{"start":{"line":52,"column":46},"end":{"line":87,"column":1}},"line":52},"2":{"name":"(anonymous_2)","decl":{"start":{"line":94,"column":25},"end":{"line":94,"column":26}},"loc":{"start":{"line":94,"column":45},"end":{"line":135,"column":1}},"line":94},"3":{"name":"(anonymous_3)","decl":{"start":{"line":142,"column":25},"end":{"line":142,"column":26}},"loc":{"start":{"line":142,"column":45},"end":{"line":201,"column":1}},"line":142},"4":{"name":"(anonymous_4)","decl":{"start":{"line":208,"column":25},"end":{"line":208,"column":26}},"loc":{"start":{"line":208,"column":45},"end":{"line":264,"column":1}},"line":208}},"branchMap":{"0":{"loc":{"start":{"line":16,"column":12},"end":{"line":16,"column":32}},"type":"default-arg","locations":[{"start":{"line":16,"column":26},"end":{"line":16,"column":32}}],"line":16},"1":{"loc":{"start":{"line":21,"column":4},"end":{"line":23,"column":5}},"type":"if","locations":[{"start":{"line":21,"column":4},"end":{"line":23,"column":5}},{"start":{},"end":{}}],"line":21},"2":{"loc":{"start":{"line":25,"column":4},"end":{"line":27,"column":5}},"type":"if","locations":[{"start":{"line":25,"column":4},"end":{"line":27,"column":5}},{"start":{},"end":{}}],"line":25},"3":{"loc":{"start":{"line":42,"column":13},"end":{"line":42,"column":79}},"type":"cond-expr","locations":[{"start":{"line":42,"column":54},"end":{"line":42,"column":67}},{"start":{"line":42,"column":70},"end":{"line":42,"column":79}}],"line":42},"4":{"loc":{"start":{"line":55,"column":4},"end":{"line":60,"column":5}},"type":"if","locations":[{"start":{"line":55,"column":4},"end":{"line":60,"column":5}},{"start":{},"end":{}}],"line":55},"5":{"loc":{"start":{"line":68,"column":4},"end":{"line":73,"column":5}},"type":"if","locations":[{"start":{"line":68,"column":4},"end":{"line":73,"column":5}},{"start":{},"end":{}}],"line":68},"6":{"loc":{"start":{"line":84,"column":13},"end":{"line":84,"column":79}},"type":"cond-expr","locations":[{"start":{"line":84,"column":54},"end":{"line":84,"column":67}},{"start":{"line":84,"column":70},"end":{"line":84,"column":79}}],"line":84},"7":{"loc":{"start":{"line":97,"column":4},"end":{"line":102,"column":5}},"type":"if","locations":[{"start":{"line":97,"column":4},"end":{"line":102,"column":5}},{"start":{},"end":{}}],"line":97},"8":{"loc":{"start":{"line":111,"column":8},"end":{"line":111,"column":24}},"type":"binary-expr","locations":[{"start":{"line":111,"column":8},"end":{"line":111,"column":16}},{"start":{"line":111,"column":20},"end":{"line":111,"column":24}}],"line":111},"9":{"loc":{"start":{"line":112,"column":8},"end":{"line":112,"column":21}},"type":"binary-expr","locations":[{"start":{"line":112,"column":8},"end":{"line":112,"column":13}},{"start":{"line":112,"column":17},"end":{"line":112,"column":21}}],"line":112},"10":{"loc":{"start":{"line":113,"column":8},"end":{"line":113,"column":27}},"type":"binary-expr","locations":[{"start":{"line":113,"column":8},"end":{"line":113,"column":19}},{"start":{"line":113,"column":23},"end":{"line":113,"column":27}}],"line":113},"11":{"loc":{"start":{"line":114,"column":8},"end":{"line":114,"column":27}},"type":"binary-expr","locations":[{"start":{"line":114,"column":8},"end":{"line":114,"column":18}},{"start":{"line":114,"column":22},"end":{"line":114,"column":27}}],"line":114},"12":{"loc":{"start":{"line":132,"column":13},"end":{"line":132,"column":79}},"type":"cond-expr","locations":[{"start":{"line":132,"column":54},"end":{"line":132,"column":67}},{"start":{"line":132,"column":70},"end":{"line":132,"column":79}}],"line":132},"13":{"loc":{"start":{"line":145,"column":4},"end":{"line":150,"column":5}},"type":"if","locations":[{"start":{"line":145,"column":4},"end":{"line":150,"column":5}},{"start":{},"end":{}}],"line":145},"14":{"loc":{"start":{"line":161,"column":4},"end":{"line":166,"column":5}},"type":"if","locations":[{"start":{"line":161,"column":4},"end":{"line":166,"column":5}},{"start":{},"end":{}}],"line":161},"15":{"loc":{"start":{"line":175,"column":8},"end":{"line":175,"column":24}},"type":"binary-expr","locations":[{"start":{"line":175,"column":8},"end":{"line":175,"column":16}},{"start":{"line":175,"column":20},"end":{"line":175,"column":24}}],"line":175},"16":{"loc":{"start":{"line":176,"column":8},"end":{"line":176,"column":21}},"type":"binary-expr","locations":[{"start":{"line":176,"column":8},"end":{"line":176,"column":13}},{"start":{"line":176,"column":17},"end":{"line":176,"column":21}}],"line":176},"17":{"loc":{"start":{"line":177,"column":8},"end":{"line":177,"column":27}},"type":"binary-expr","locations":[{"start":{"line":177,"column":8},"end":{"line":177,"column":19}},{"start":{"line":177,"column":23},"end":{"line":177,"column":27}}],"line":177},"18":{"loc":{"start":{"line":178,"column":8},"end":{"line":178,"column":27}},"type":"binary-expr","locations":[{"start":{"line":178,"column":8},"end":{"line":178,"column":18}},{"start":{"line":178,"column":22},"end":{"line":178,"column":27}}],"line":178},"19":{"loc":{"start":{"line":198,"column":13},"end":{"line":198,"column":79}},"type":"cond-expr","locations":[{"start":{"line":198,"column":54},"end":{"line":198,"column":67}},{"start":{"line":198,"column":70},"end":{"line":198,"column":79}}],"line":198},"20":{"loc":{"start":{"line":211,"column":4},"end":{"line":216,"column":5}},"type":"if","locations":[{"start":{"line":211,"column":4},"end":{"line":216,"column":5}},{"start":{},"end":{}}],"line":211},"21":{"loc":{"start":{"line":225,"column":4},"end":{"line":230,"column":5}},"type":"if","locations":[{"start":{"line":225,"column":4},"end":{"line":230,"column":5}},{"start":{},"end":{}}],"line":225},"22":{"loc":{"start":{"line":242,"column":4},"end":{"line":248,"column":5}},"type":"if","locations":[{"start":{"line":242,"column":4},"end":{"line":248,"column":5}},{"start":{},"end":{}}],"line":242},"23":{"loc":{"start":{"line":242,"column":8},"end":{"line":242,"column":57}},"type":"binary-expr","locations":[{"start":{"line":242,"column":8},"end":{"line":242,"column":30}},{"start":{"line":242,"column":34},"end":{"line":242,"column":57}}],"line":242},"24":{"loc":{"start":{"line":261,"column":13},"end":{"line":261,"column":79}},"type":"cond-expr","locations":[{"start":{"line":261,"column":54},"end":{"line":261,"column":67}},{"start":{"line":261,"column":70},"end":{"line":261,"column":79}}],"line":261}},"s":{"0":1,"1":1,"2":1,"3":0,"4":0,"5":0,"6":0,"7":0,"8":0,"9":0,"10":0,"11":0,"12":0,"13":0,"14":0,"15":0,"16":1,"17":0,"18":0,"19":0,"20":0,"21":0,"22":0,"23":0,"24":0,"25":0,"26":0,"27":0,"28":1,"29":0,"30":0,"31":0,"32":0,"33":0,"34":0,"35":0,"36":0,"37":0,"38":0,"39":1,"40":0,"41":0,"42":0,"43":0,"44":0,"45":0,"46":0,"47":0,"48":0,"49":0,"50":0,"51":0,"52":0,"53":0,"54":1,"55":0,"56":0,"57":0,"58":0,"59":0,"60":0,"61":0,"62":0,"63":0,"64":0,"65":0,"66":0,"67":0,"68":0,"69":0,"70":0},"f":{"0":0,"1":0,"2":0,"3":0,"4":0},"b":{"0":[0],"1":[0,0],"2":[0,0],"3":[0,0],"4":[0,0],"5":[0,0],"6":[0,0],"7":[0,0],"8":[0,0],"9":[0,0],"10":[0,0],"11":[0,0],"12":[0,0],"13":[0,0],"14":[0,0],"15":[0,0],"16":[0,0],"17":[0,0],"18":[0,0],"19":[0,0],"20":[0,0],"21":[0,0],"22":[0,0],"23":[0,0],"24":[0,0]},"_coverageSchema":"1a1c01bbd47fc00a2c39e90264f33305004495a9","hash":"41b9eb83ef3435b1e6adf81056c374258deb427f"}
[...]
5,"column":23},"end":{"line":55,"column":60}},"19":{"start":{"line":56,"column":2},"end":{"line":56,"column":46}},"20":{"start":{"line":62,"column":16},"end":{"line":72,"column":2}},"21":{"start":{"line":65,"column":17},"end":{"line":65,"column":68}},"22":{"start":{"line":66,"column":4},"end":{"line":66,"column":19}},"23":{"start":{"line":69,"column":23},"end":{"line":69,"column":64}},"24":{"start":{"line":70,"column":4},"end":{"line":70,"column":25}},"25":{"start":{"line":77,"column":19},"end":{"line":100,"column":1}},"26":{"start":{"line":78,"column":14},"end":{"line":78,"column":59}},"27":{"start":{"line":79,"column":19},"end":{"line":79,"column":46}},"28":{"start":{"line":82,"column":2},"end":{"line":89,"column":3}},"29":{"start":{"line":83,"column":4},"end":{"line":88,"column":6}},"30":{"start":{"line":92,"column":2},"end":{"line":97,"column":3}},"31":{"start":{"line":93,"column":4},"end":{"line":96,"column":6}},"32":{"start":{"line":99,"column":2},"end":{"line":99,"column":17}},"33":{"start":{"line":105,"column":15},"end":{"line":112,"column":2}},"34":{"start":{"line":121,"column":21},"end":{"line":157,"column":1}},"35":{"start":{"line":122,"column":2},"end":{"line":156,"column":3}},"36":{"start":{"line":123,"column":18},"end":{"line":123,"column":33}},"37":{"start":{"line":124,"column":21},"end":{"line":124,"column":43}},"38":{"start":{"line":127,"column":4},"end":{"line":146,"column":5}},"39":{"start":{"line":128,"column":6},"end":{"line":133,"column":39}},"40":{"start":{"line":136,"column":6},"end":{"line":136,"column":30}},"41":{"start":{"line":137,"column":6},"end":{"line":137,"column":53}},"42":{"start":{"line":140,"column":26},"end":{"line":140,"column":58}},"43":{"start":{"line":141,"column":6},"end":{"line":145,"column":8}},"44":{"start":{"line":148,"column":4},"end":{"line":152,"column":6}},"45":{"start":{"line":154,"column":4},"end":{"line":154,"column":51}},"46":{"start":{"line":155,"column":4},"end":{"line":155,"column":47}},"47":{"start":{"line":162,"column":19},"end":{"line":174,"column":1}},"48":{"start":{"line":163,"column":2},"end":{"line":173,"column":3}},"49":{"start":{"line":164,"column":4},"end":{"line":168,"column":5}},"50":{"start":{"line":165,"column":6},"end":{"line":165,"column":30}},"51":{"start":{"line":166,"column":6},"end":{"line":166,"column":47}},"52":{"start":{"line":167,"column":6},"end":{"line":167,"column":18}},"53":{"start":{"line":169,"column":4},"end":{"line":169,"column":17}},"54":{"start":{"line":171,"column":4},"end":{"line":171,"column":48}},"55":{"start":{"line":172,"column":4},"end":{"line":172,"column":17}},"56":{"start":{"line":179,"column":19},"end":{"line":182,"column":1}},"57":{"start":{"line":181,"column":2},"end":{"line":181,"column":50}},"58":{"start":{"line":184,"column":0},"end":{"line":192,"column":2}}},"fnMap":{"0":{"name":"(anonymous_0)","decl":{"start":{"line":26,"column":44},"end":{"line":26,"column":45}},"loc":{"start":{"line":26,"column":53},"end":{"line":30,"column":1}},"line":26},"1":{"name":"(anonymous_1)","decl":{"start":{"line":52,"column":31},"end":{"line":52,"column":32}},"loc":{"start":{"line":52,"column":49},"end":{"line":57,"column":1}},"line":52},"2":{"name":"(anonymous_2)","decl":{"start":{"line":63,"column":15},"end":{"line":63,"column":16}},"loc":{"start":{"line":63,"column":34},"end":{"line":67,"column":3}},"line":63},"3":{"name":"(anonymous_3)","decl":{"start":{"line":68,"column":12},"end":{"line":68,"column":13}},"loc":{"start":{"line":68,"column":31},"end":{"line":71,"column":3}},"line":68},"4":{"name":"(anonymous_4)","decl":{"start":{"line":77,"column":19},"end":{"line":77,"column":20}},"loc":{"start":{"line":77,"column":38},"end":{"line":100,"column":1}},"line":77},"5":{"name":"(anonymous_5)","decl":{"start":{"line":121,"column":21},"end":{"line":121,"column":22}},"loc":{"start":{"line":121,"column":41},"end":{"line":157,"column":1}},"line":121},"6":{"name":"(anonymous_6)","decl":{"start":{"line":162,"column":19},"end":{"line":162,"column":20}},"loc":{"start":{"line":162,"column":33},"end":{"line":174,"column":1}},"line":162},"7":{"name":"(anonymous_7)","decl":{"start":{"line":179,"column":19},"end":{"line":179,"column":20}},"loc":{"start":{"line":179,"column":33},"end":{"line":182,"column":1}},"line":179}},"branchMap":{"0":{"loc":{"start":{"line":21,"column":19},"end":{"line":21,"column":57}},"type":"binary-expr","locations":[{"start":{"line":21,"column":19},"end":{"line":21,"column":42}},{"start":{"line":21,"column":46},"end":{"line":21,"column":57}}],"line":21},"1":{"loc":{"start":{"line":27,"column":2},"end":{"line":29,"column":3}},"type":"if","locations":[{"start":{"line":27,"column":2},"end":{"line":29,"column":3}},{"start":{},"end":{}}],"line":27},"2":{"loc":{"start":{"line":47,"column":22},"end":{"line":47,"column":76}},"type":"binary-expr","locations":[{"start":{"line":47,"column":22},"end":{"line":47,"column":57}},{"start":{"line":47,"column":61},"end":{"line":47,"column":76}}],"line":47},"3":{"loc":{"start":{"line":65,"column":17},"end":{"line":65,"column":68}},"type":"cond-expr","locations":[{"start":{"line":65,"column":46},"end":{"line":65,"column":56}},{"start":{"line":65,"column":59},"end":{"line":65,"column":68}}],"line":65},"4":{"loc":{"start":{"line":82,"column":2},"end":{"line":89,"column":3}},"type":"if","locations":[{"start":{"line":82,"column":2},"end":{"line":89,"column":3}},{"start":{},"end":{}}],"line":82},"5":{"loc":{"start":{"line":92,"column":2},"end":{"line":97,"column":3}},"type":"if","locations":[{"start":{"line":92,"column":2},"end":{"line":97,"column":3}},{"start":{},"end":{}}],"line":92},"6":{"loc":{"start":{"line":127,"column":4},"end":{"line":146,"column":5}},"type":"if","locations":[{"start":{"line":127,"column":4},"end":{"line":146,"column":5}},{"start":{},"end":{}}],"line":127},"7":{"loc":{"start":{"line":127,"column":8},"end":{"line":127,"column":55}},"type":"binary-expr","locations":[{"start":{"line":127,"column":8},"end":{"line":127,"column":29}},{"start":{"line":127,"column":33},"end":{"line":127,"column":55}}],"line":127},"8":{"loc":{"start":{"line":164,"column":4},"end":{"line":168,"column":5}},"type":"if","locations":[{"start":{"line":164,"column":4},"end":{"line":168,"column":5}},{"start":{},"end":{}}],"line":164}},"s":{"0":1,"1":1,"2":1,"3":1,"4":1,"5":1,"6":1,"7":1,"8":1,"9":1,"10":3,"11":0,"12":1,"13":1,"14":1,"15":1,"16":0,"17":0,"18":0,"19":0,"20":1,"21":0,"22":0,"23":0,"24":0,"25":1,"26":0,"27":0,"28":0,"29":0,"30":0,"31":0,"32":0,"33":1,"34":1,"35":0,"36":0,"37":0,"38":0,"39":0,"40":0,"41":0,"42":0,"43":0,"44":0,"45":0,"46":0,"47":1,"48":0,"49":0,"50":0,"51":0,"52":0,"53":0,"54":0,"55":0,"56":1,"57":0,"58":1},"f":{"0":3,"1":0,"2":0,"3":0,"4":0,"5":0,"6":0,"7":0},"b":{"0":[1,1],"1":[0,3],"2":[1,1],"3":[0,0],"4":[0,0],"5":[0,0],"6":[0,0],"7":[0,0],"8":[0,0]},"_coverageSchema":"1a1c01bbd47fc00a2c39e90264f33305004495a9","hash":"bd0675e18038b9570df12f03ddace0fc09c5429c"}
,"C:\\Users\\Harley Jovellano\\Documents\\Lost and Found API\\src\\utils\\itemValidators.js": {"path":"C:\\Users\\Harley Jovellano\\Documents\\Lost and Found API\\src\\utils\\itemValidators.js","statementMap":{"0":{"start":{"line":6,"column":31},"end":{"line":6,"column":59}},"1":{"start":{"line":11,"column":27},"end":{"line":83,"column":1}},"2":{"start":{"line":46,"column":20},"end":{"line":46,"column":30}},"3":{"start":{"line":47,"column":6},"end":{"line":47,"column":38}},"4":{"start":{"line":48,"column":6},"end":{"line":50,"column":7}},"5":{"start":{"line":49,"column":8},"end":{"line":49,"column":66}},"6":{"start":{"line":51,"column":6},"end":{"line":51,"column":18}},"7":{"start":{"line":88,"column":28},"end":{"line":168,"column":1}},"8":{"start":{"line":123,"column":20},"end":{"line":123,"column":30}},"9":{"start":{"line":124,"column":6},"end":{"line":124,"column":38}},"10":{"start":{"line":125,"column":6},"end":{"line":127,"column":7}},"11":{"start":{"line":126,"column":8},"end":{"line":126,"column":62}},"12":{"start":{"line":128,"column":6},"end":{"line":128,"column":18}},"13":{"start":{"line":173,"column":29},"end":{"line":227,"column":1}},"14":{"start":{"line":232,"column":27},"end":{"line":247,"column":1}},"15":{"start":{"line":249,"column":0},"end":{"line":254,"column":2}}},"fnMap":{"0":{"name":"(anonymous_0)","decl":{"start":{"line":45,"column":12},"end":{"line":45,"column":13}},"loc":{"start":{"line":45,"column":23},"end":{"line":52,"column":5}},"line":45},"1":{"name":"(anonymous_1)","decl":{"start":{"line":122,"column":12},"end":{"line":122,"column":13}},"loc":{"start":{"line":122,"column":23},"end":{"line":129,"column":5}},"line":122}},"branchMap":{"0":{"loc":{"start":{"line":48,"column":6},"end":{"line":50,"column":7}},"type":"if","locations":[{"start":{"line":48,"column":6},"end":{"line":50,"column":7}},{"start":{},"end":{}}],"line":48},"1":{"loc":{"start":{"line":125,"column":6},"end":{"line":127,"column":7}},"type":"if","locations":[{"start":{"line":125,"column":6},"end":{"line":127,"column":7}},{"start":{},"end":{}}],"line":125}},"s":{"0":1,"1":1,"2":0,"3":0,"4":0,"5":0,"6":0,"7":1,"8":0,"9":0,"10":0,"11":0,"12":0,"13":1,"14":1,"15":1},"f":{"0":0,"1":0},"b":{"0":[0,0],"1":[0,0]},"_coverageSchema":"1a1c01bbd47fc00a2c39e90264f33305004495a9","hash":"e8bf9719e00c91c84c89b42d163b80266175d2b5"}
,"C:\\Users\\Harley Jovellano\\Documents\\Lost and Found API\\src\\utils\\jwt.js": {"path":"C:\\Users\\Harley Jovellano\\Documents\\Lost and Found API\\src\\utils\\jwt.js","statementMap":{"0":{"start":{"line":11,"column":12},"end":{"line":11,"column":35}},"1":{"start":{"line":12,"column":15},"end":{"line":12,"column":34}},"2":{"start":{"line":21,"column":28},"end":{"line":32,"column":1}},"3":{"start":{"line":22,"column":2},"end":{"line":31,"column":3}},"4":{"start":{"line":23,"column":4},"end":{"line":27,"column":7}},"5":{"start":{"line":29,"column":4},"end":{"line":29,"column":58}},"6":{"start":{"line":30,"column":4},"end":{"line":30,"column":47}},"7":{"start":{"line":41,"column":29},"end":{"line":52,"column":1}},"8":{"start":{"line":42,"column":2},"end":{"line":51,"column":3}},"9":{"start":{"line":43,"column":4},"end":{"line":47,"column":7}},"10":{"start":{"line":49,"column":4},"end":{"line":49,"column":59}},"11":{"start":{"line":50,"column":4},"end":{"line":50,"column":55}},"12":{"start":{"line":61,"column":26},"end":{"line":75,"column":1}},"13":{"start":{"line":62,"column":2},"end":{"line":74,"column":3}},"14":{"start":{"line":63,"column":4},"end":{"line":66,"column":7}},"15":{"start":{"line":68,"column":4},"end":{"line":72,"column":5}},"16":{"start":{"line":69,"column":6},"end":{"line":69,"column":43}},"17":{"start":{"line":70,"column":11},"end":{"line":72,"column":5}},"18":{"start":{"line":71,"column":6},"end":{"line":71,"column":39}},"19":{"start":{"line":73,"column":4},"end":{"line":73,"column":16}},"20":{"start":{"line":84,"column":27},"end":{"line":98,"column":1}},"21":{"start":{"line":85,"column":2},"end":{"line":97,"column":3}},"22":{"start":{"line":86,"column":4},"end":{"line":89,"column":7}},"23":{"start":{"line":91,"column":4},"end":{"line":95,"column":5}},"24":{"start":{"line":92,"column":6},"end":{"line":92,"column":51}},"25":{"start":{"line":93,"column":11},"end":{"line":95,"column":5}},"26":{"start":{"line":94,"column":6},"end":{"line":94,"column":47}},"27":{"start":{"line":96,"column":4},"end":{"line":96,"column":16}},"28":{"start":{"line":107,"column":26},"end":{"line":118,"column":1}},"29":{"start":{"line":108,"column":18},"end":{"line":112,"column":3}},"30":{"start":{"line":114,"column":2},"end":{"line":117,"column":4}},"31":{"start":{"line":120,"column":0},"end":{"line":126,"column":2}}},"fnMap":{"0":{"name":"(anonymous_0)","decl":{"start":{"line":21,"column":28},"end":{"line":21,"column":29}},"loc":{"start":{"line":21,"column":41},"end":{"line":32,"column":1}},"line":21},"1":{"name":"(anonymous_1)","decl":{"start":{"line":41,"column":29},"end":{"line":41,"column":30}},"loc":{"start":{"line":41,"column":42},"end":{"line":52,"column":1}},"line":41},"2":{"name":"(anonymous_2)","decl":{"start":{"line":61,"column":26},"end":{"line":61,"column":27}},"loc":{"start":{"line":61,"column":37},"end":{"line":75,"column":1}},"line":61},"3":{"name":"(anonymous_3)","decl":{"start":{"line":84,"column":27},"end":{"line":84,"column":28}},"loc":{"start":{"line":84,"column":38},"end":{"line":98,"column":1}},"line":84},"4":{"name":"(anonymous_4)","decl":{"start":{"line":107,"column":26},"end":{"line":107,"column":27}},"loc":{"start":{"line":107,"column":36},"end":{"line":118,"column":1}},"line":107}},"branchMap":{"0":{"loc":{"start":{"line":24,"column":17},"end":{"line":24,"column":51}},"type":"binary-expr","locations":[{"start":{"line":24,"column":17},"end":{"line":24,"column":43}},{"start":{"line":24,"column":47},"end":{"line":24,"column":51}}],"line":24},"1":{"loc":{"start":{"line":44,"column":17},"end":{"line":44,"column":60}},"type":"binary-expr","locations":[{"start":{"line":44,"column":17},"end":{"line":44,"column":51}},{"start":{"line":44,"column":55},"end":{"line":44,"column":60}}],"line":44},"2":{"loc":{"start":{"line":68,"column":4},"end":{"line":72,"column":5}},"type":"if","locations":[{"start":{"line":68,"column":4},"end":{"line":72,"column":5}},{"start":{"line":70,"column":11},"end":{"line":72,"column":5}}],"line":68},"3":{"loc":{"start":{"line":70,"column":11},"end":{"line":72,"column":5}},"type":"if","locations":[{"start":{"line":70,"column":11},"end":{"line":72,"column":5}},{"start":{},"end":{}}],"line":70},"4":{"loc":{"start":{"line":91,"column":4},"end":{"line":95,"column":5}},"type":"if","locations":[{"start":{"line":91,"column":4},"end":{"line":95,"column":5}},{"start":{"line":93,"column":11},"end":{"line":95,"column":5}}],"line":91},"5":{"loc":{"start":{"line":93,"column":11},"end":{"line":95,"column":5}},"type":"if","locations":[{"start":{"line":93,"column":11},"end":{"line":95,"column":5}},{"start":{},"end":{}}],"line":93}},"s":{"0":1,"1":1,"2":1,"3":4,"4":4,"5":0,"6":0,"7":1,"8":4,"9":4,"10":0,"11":0,"12":1,"13":4,"14":4,"15":2,"16":1,"17":1,"18":1,"19":0,"20":1,"21":0,"22":0,"23":0,"24":0,"25":0,"26":0,"27":0,"28":1,"29":4,"30":4,"31":1},"f":{"0":4,"1":4,"2":4,"3":0,"4":4},"b":{"0":[4,0],"1":[4,0],"2":[1,1],"3":[1,0],"4":[0,0],"5":[0,0]},"_coverageSchema":"1a1c01bbd47fc00a2c39e90264f33305004495a9","hash":"68489c12eef95f94f2d8cf567e79309f8b408e9d"}
,"C:\\Users\\Harley Jovellano\\Documents\\Lost and Found API\\src\\utils\\logger.js": {"path":"C:\\Users\\Harley Jovellano\\Documents\\Lost and Found API\\src\\utils\\logger.js","statementMap":{"0":{"start":{"line":6,"column":16},"end":{"line":6,"column":34}},"1":{"start":{"line":7,"column":13},"end":{"line":7,"column":28}},"2":{"start":{"line":10,"column":18},"end":{"line":16,"column":1}},"3":{"start":{"line":14,"column":4},"end":{"line":14,"column":72}},"4":{"start":{"line":19,"column":15},"end":{"line":43,"column":2}},"5":{"start":{"line":45,"column":0},"end":{"line":45,"column":24}}},"fnMap":{"0":{"name":"(anonymous_0)","decl":{"start":{"line":13,"column":24},"end":{"line":13,"column":25}},"loc":{"start":{"line":13,"column":66},"end":{"line":15,"column":3}},"line":13}},"branchMap":{"0":{"loc":{"start":{"line":14,"column":53},"end":{"line":14,"column":69}},"type":"binary-expr","locations":[{"start":{"line":14,"column":53},"end":{"line":14,"column":58}},{"start":{"line":14,"column":62},"end":{"line":14,"column":69}}],"line":14},"1":{"loc":{"start":{"line":20,"column":9},"end":{"line":20,"column":65}},"type":"cond-expr","locations":[{"start":{"line":20,"column":49},"end":{"line":20,"column":55}},{"start":{"line":20,"column":58},"end":{"line":20,"column":65}}],"line":20}},"s":{"0":1,"1":1,"2":1,"3":16,"4":1,"5":1},"f":{"0":16},"b":{"0":[16,16],"1":[0,1]},"_coverageSchema":"1a1c01bbd47fc00a2c39e90264f33305004495a9","hash":"668b91311bba8b1fd452191015f620771c710706"}
,"C:\\Users\\Harley Jovellano\\Documents\\Lost and Found API\\src\\utils\\referenceValidators.js": {"path":"C:\\Users\\Harley Jovellano\\Documents\\Lost and Found API\\src\\utils\\referenceValidators.js","statementMap":{"0":{"start":{"line":5,"column":17},"end":{"line":5,"column":45}},"1":{"start":{"line":10,"column":27},"end":{"line":41,"column":1}},"2":{"start":{"line":46,"column":27},"end":{"line":87,"column":1}},"3":{"start":{"line":89,"column":0},"end":{"line":92,"column":2}}},"fnMap":{},"branchMap":{},"s":{"0":1,"1":1,"2":1,"3":1},"f":{},"b":{},"_coverageSchema":"1a1c01bbd47fc00a2c39e90264f33305004495a9","hash":"eefbbb11e77a1e18ebbfd76bb64f1f623ea7c148"}
,"C:\\Users\\Harley Jovellano\\Documents\\Lost and Found API\\src\\utils\\validators.js": {"path":"C:\\Users\\Harley Jovellano\\Documents\\Lost and Found API\\src\\utils\\validators.js","statementMap":{"0":{"start":{"line":13,"column":31},"end":{"line":13,"column":59}},"1":{"start":{"line":21,"column":26},"end":{"line":26,"column":56}},"2":{"start":{"line":37,"column":26},"end":{"line":43,"column":3}},"3":{"start":{"line":48,"column":23},"end":{"line":55,"column":54}},"4":{"start":{"line":60,"column":27},"end":{"line":122,"column":1}},"5":{"start":{"line":99,"column":32},"end":{"line":99,"column":59}},"6":{"start":{"line":104,"column":26},"end":{"line":112,"column":5}},"7":{"start":{"line":113,"column":27},"end":{"line":113,"column":48}},"8":{"start":{"line":114,"column":29},"end":{"line":116,"column":5}},"9":{"start":{"line":115,"column":17},"end":{"line":115,"column":47}},"10":{"start":{"line":117,"column":4},"end":{"line":119,"column":5}},"11":{"start":{"line":118,"column":6},"end":{"line":118,"column":75}},"12":{"start":{"line":120,"column":4},"end":{"line":120,"column":16}},"13":{"start":{"line":127,"column":24},"end":{"line":152,"column":1}},"14":{"start":{"line":142,"column":26},"end":{"line":142,"column":51}},"15":{"start":{"line":143,"column":27},"end":{"line":143,"column":48}},"16":{"start":{"line":144,"column":29},"end":{"line":146,"column":5}},"17":{"start":{"line":145,"column":17},"end":{"line":145,"column":47}},"18":{"start":{"line":147,"column":4},"end":{"line":149,"column":5}},"19":{"start":{"line":148,"column":6},"end":{"line":148,"column":75}},"20":{"start":{"line":150,"column":4},"end":{"line":150,"column":16}},"21":{"start":{"line":157,"column":26},"end":{"line":162,"column":1}},"22":{"start":{"line":164,"column":0},"end":{"line":171,"column":2}}},"fnMap":{"0":{"name":"(anonymous_0)","decl":{"start":{"line":99,"column":12},"end":{"line":99,"column":13}},"loc":{"start":{"line":99,"column":32},"end":{"line":99,"column":59}},"line":99},"1":{"name":"(anonymous_1)","decl":{"start":{"line":103,"column":16},"end":{"line":103,"column":17}},"loc":{"start":{"line":103,"column":36},"end":{"line":121,"column":3}},"line":103},"2":{"name":"(anonymous_2)","decl":{"start":{"line":115,"column":6},"end":{"line":115,"column":7}},"loc":{"start":{"line":115,"column":17},"end":{"line":115,"column":47}},"line":115},"3":{"name":"(anonymous_3)","decl":{"start":{"line":141,"column":16},"end":{"line":141,"column":17}},"loc":{"start":{"line":141,"column":36},"end":{"line":151,"column":3}},"line":141},"4":{"name":"(anonymous_4)","decl":{"start":{"line":145,"column":6},"end":{"line":145,"column":7}},"loc":{"start":{"line":145,"column":17},"end":{"line":145,"column":47}},"line":145}},"branchMap":{"0":{"loc":{"start":{"line":117,"column":4},"end":{"line":119,"column":5}},"type":"if","locations":[{"start":{"line":117,"column":4},"end":{"line":119,"column":5}},{"start":{},"end":{}}],"line":117},"1":{"loc":{"start":{"line":147,"column":4},"end":{"line":149,"column":5}},"type":"if","locations":[{"start":{"line":147,"column":4},"end":{"line":149,"column":5}},{"start":{},"end":{}}],"line":147}},"s":{"0":1,"1":1,"2":1,"3":1,"4":1,"5":10,"6":10,"7":10,"8":10,"9":62,"10":10,"11":1,"12":9,"13":1,"14":14,"15":14,"16":14,"17":28,"18":14,"19":0,"20":14,"21":1,"22":1},"f":{"0":10,"1":10,"2":62,"3":14,"4":28},"b":{"0":[1,9],"1":[0,14]},"_coverageSchema":"1a1c01bbd47fc00a2c39e90264f33305004495a9","hash":"07480787916bf496ca3a04d869393f68ca90dd8e"}
}
