TN:
SF:src\config\database.js
FN:55,(anonymous_0)
FN:81,(anonymous_1)
FN:98,(anonymous_2)
FN:123,(anonymous_3)
FN:133,(anonymous_4)
FN:142,(anonymous_5)
FN:151,(anonymous_6)
FNF:7
FNH:5
FNDA:1,(anonymous_0)
FNDA:0,(anonymous_1)
FNDA:45,(anonymous_2)
FNDA:1,(anonymous_3)
FNDA:1,(anonymous_4)
FNDA:0,(anonymous_5)
FNDA:1,(anonymous_6)
DA:12,1
DA:13,1
DA:16,1
DA:49,1
DA:55,1
DA:56,1
DA:58,1
DA:59,0
DA:60,0
DA:63,1
DA:66,1
DA:67,1
DA:68,1
DA:70,1
DA:72,0
DA:73,0
DA:81,1
DA:82,0
DA:83,0
DA:87,0
DA:98,1
DA:99,45
DA:100,45
DA:102,45
DA:104,45
DA:105,45
DA:106,45
DA:108,0
DA:109,0
DA:112,0
DA:113,0
DA:123,1
DA:124,1
DA:125,1
DA:126,1
DA:133,1
DA:134,1
DA:135,1
DA:142,1
DA:143,0
DA:144,0
DA:151,1
DA:152,1
DA:153,1
DA:154,1
DA:155,1
DA:159,1
LF:47
LH:34
BRDA:18,0,0,1
BRDA:18,0,1,0
BRDA:58,1,0,0
BRDA:58,1,1,1
BRDA:82,2,0,0
BRDA:82,2,1,0
BRDA:98,3,0,0
BRDA:152,4,0,1
BRDA:152,4,1,0
BRF:9
BRH:3
end_of_record
TN:
SF:src\controllers\authController.js
FN:31,(anonymous_0)
FN:174,(anonymous_1)
FN:390,(anonymous_2)
FN:427,(anonymous_3)
FNF:4
FNH:4
FNDA:10,(anonymous_0)
FNDA:14,(anonymous_1)
FNDA:1,(anonymous_2)
FNDA:1,(anonymous_3)
DA:14,1
DA:15,1
DA:16,1
DA:17,1
DA:18,1
DA:31,1
DA:34,10
DA:36,10
DA:37,10
DA:38,6
DA:52,4
DA:55,4
DA:60,4
DA:61,3
DA:68,1
DA:69,1
DA:74,1
DA:75,0
DA:83,1
DA:84,1
DA:87,1
DA:90,1
DA:101,1
DA:109,1
DA:112,1
DA:120,1
DA:129,1
DA:131,1
DA:134,1
DA:149,0
DA:150,0
DA:153,0
DA:155,0
DA:174,1
DA:175,14
DA:177,14
DA:178,14
DA:179,0
DA:186,14
DA:187,14
DA:188,14
DA:191,14
DA:199,14
DA:201,2
DA:212,2
DA:218,12
DA:221,12
DA:222,0
DA:226,0
DA:233,0
DA:240,12
DA:241,6
DA:253,6
DA:254,6
DA:255,6
DA:256,0
DA:257,0
DA:260,6
DA:267,6
DA:269,6
DA:271,2
DA:272,2
DA:273,2
DA:275,2
DA:277,0
DA:285,0
DA:297,0
DA:299,0
DA:305,2
DA:310,2
DA:322,2
DA:332,4
DA:335,4
DA:347,4
DA:354,4
DA:357,4
DA:376,0
DA:378,0
DA:390,1
DA:391,1
DA:393,1
DA:401,1
DA:402,0
DA:408,1
DA:413,0
DA:415,0
DA:427,1
DA:428,1
DA:430,1
DA:438,1
DA:449,1
DA:451,1
DA:456,0
DA:458,0
DA:465,1
LF:95
LH:73
BRDA:37,0,0,6
BRDA:37,0,1,4
BRDA:60,1,0,3
BRDA:60,1,1,1
BRDA:60,2,0,4
BRDA:60,2,1,4
BRDA:68,3,0,1
BRDA:68,3,1,0
BRDA:74,4,0,0
BRDA:74,4,1,1
BRDA:74,5,0,1
BRDA:74,5,1,1
BRDA:83,6,0,1
BRDA:83,6,1,0
BRDA:94,7,0,0
BRDA:94,7,1,1
BRDA:94,8,0,1
BRDA:94,8,1,1
BRDA:95,9,0,1
BRDA:95,9,1,0
BRDA:95,10,0,1
BRDA:95,10,1,0
BRDA:114,11,0,1
BRDA:114,11,1,0
BRDA:114,11,2,0
BRDA:115,12,0,1
BRDA:115,12,1,1
BRDA:143,13,0,1
BRDA:143,13,1,0
BRDA:149,14,0,0
BRDA:149,14,1,0
BRDA:178,15,0,0
BRDA:178,15,1,14
BRDA:187,16,0,14
BRDA:187,16,1,0
BRDA:187,16,2,0
BRDA:188,17,0,14
BRDA:188,17,1,14
BRDA:199,18,0,2
BRDA:199,18,1,12
BRDA:199,19,0,14
BRDA:199,19,1,14
BRDA:221,20,0,0
BRDA:221,20,1,12
BRDA:221,21,0,12
BRDA:221,21,1,0
BRDA:240,22,0,6
BRDA:240,22,1,6
BRDA:254,23,0,6
BRDA:254,23,1,0
BRDA:256,24,0,0
BRDA:256,24,1,0
BRDA:269,25,0,2
BRDA:269,25,1,4
BRDA:271,26,0,2
BRDA:271,26,1,2
BRDA:272,27,0,2
BRDA:272,27,1,0
BRDA:273,28,0,2
BRDA:273,28,1,0
BRDA:275,29,0,0
BRDA:275,29,1,2
BRDA:372,30,0,4
BRDA:372,30,1,0
BRDA:401,31,0,0
BRDA:401,31,1,1
BRDA:401,32,0,1
BRDA:401,32,1,1
BRDA:444,33,0,1
BRDA:444,33,1,0
BRDA:444,33,2,0
BRDA:445,34,0,1
BRDA:445,34,1,1
BRF:73
BRH:47
end_of_record
TN:
SF:src\controllers\categoriesController.js
FN:14,(anonymous_0)
FN:48,(anonymous_1)
FN:90,(anonymous_2)
FN:141,(anonymous_3)
FN:205,(anonymous_4)
FNF:5
FNH:0
FNDA:0,(anonymous_0)
FNDA:0,(anonymous_1)
FNDA:0,(anonymous_2)
FNDA:0,(anonymous_3)
FNDA:0,(anonymous_4)
DA:6,1
DA:7,1
DA:14,1
DA:15,0
DA:16,0
DA:18,0
DA:19,0
DA:21,0
DA:22,0
DA:25,0
DA:27,0
DA:29,0
DA:34,0
DA:35,0
DA:48,1
DA:49,0
DA:50,0
DA:51,0
DA:52,0
DA:58,0
DA:60,0
DA:64,0
DA:65,0
DA:71,0
DA:76,0
DA:77,0
DA:90,1
DA:91,0
DA:92,0
DA:93,0
DA:94,0
DA:100,0
DA:102,0
DA:107,0
DA:112,0
DA:118,0
DA:121,0
DA:122,0
DA:128,0
DA:141,1
DA:142,0
DA:143,0
DA:144,0
DA:145,0
DA:151,0
DA:152,0
DA:155,0
DA:159,0
DA:160,0
DA:166,0
DA:173,0
DA:177,0
DA:183,0
DA:185,0
DA:186,0
DA:192,0
DA:205,1
DA:206,0
DA:207,0
DA:208,0
DA:209,0
DA:215,0
DA:218,0
DA:222,0
DA:223,0
DA:230,0
DA:234,0
DA:239,0
DA:240,0
DA:247,0
DA:249,0
DA:254,0
DA:255,0
LF:73
LH:7
BRDA:16,0,0,0
BRDA:21,1,0,0
BRDA:21,1,1,0
BRDA:38,2,0,0
BRDA:38,2,1,0
BRDA:51,3,0,0
BRDA:51,3,1,0
BRDA:64,4,0,0
BRDA:64,4,1,0
BRDA:80,5,0,0
BRDA:80,5,1,0
BRDA:93,6,0,0
BRDA:93,6,1,0
BRDA:104,7,0,0
BRDA:104,7,1,0
BRDA:104,8,0,0
BRDA:104,8,1,0
BRDA:121,9,0,0
BRDA:121,9,1,0
BRDA:131,10,0,0
BRDA:131,10,1,0
BRDA:144,11,0,0
BRDA:144,11,1,0
BRDA:159,12,0,0
BRDA:159,12,1,0
BRDA:170,13,0,0
BRDA:170,13,1,0
BRDA:170,14,0,0
BRDA:170,14,1,0
BRDA:185,15,0,0
BRDA:185,15,1,0
BRDA:195,16,0,0
BRDA:195,16,1,0
BRDA:208,17,0,0
BRDA:208,17,1,0
BRDA:222,18,0,0
BRDA:222,18,1,0
BRDA:239,19,0,0
BRDA:239,19,1,0
BRDA:239,20,0,0
BRDA:239,20,1,0
BRDA:258,21,0,0
BRDA:258,21,1,0
BRF:43
BRH:0
end_of_record
TN:
SF:src\controllers\foundItemController.js
FN:22,(anonymous_0)
FN:32,(anonymous_1)
FN:166,(anonymous_2)
FN:184,(anonymous_3)
FN:297,(anonymous_4)
FN:327,(anonymous_5)
FN:408,(anonymous_6)
FN:522,(anonymous_7)
FN:589,(anonymous_8)
FNF:9
FNH:0
FNDA:0,(anonymous_0)
FNDA:0,(anonymous_1)
FNDA:0,(anonymous_2)
FNDA:0,(anonymous_3)
FNDA:0,(anonymous_4)
FNDA:0,(anonymous_5)
FNDA:0,(anonymous_6)
FNDA:0,(anonymous_7)
FNDA:0,(anonymous_8)
DA:13,1
DA:14,1
DA:15,1
DA:22,1
DA:24,0
DA:26,0
DA:28,0
DA:29,0
DA:31,0
DA:32,0
DA:34,0
DA:52,0
DA:54,0
DA:57,0
DA:59,0
DA:61,0
DA:83,0
DA:86,0
DA:87,0
DA:88,0
DA:90,0
DA:93,0
DA:96,0
DA:116,0
DA:122,0
DA:127,0
DA:130,0
DA:149,0
DA:155,0
DA:164,0
DA:166,0
DA:167,0
DA:170,0
DA:171,0
DA:184,1
DA:185,0
DA:186,0
DA:187,0
DA:188,0
DA:204,0
DA:206,0
DA:209,0
DA:210,0
DA:214,0
DA:218,0
DA:219,0
DA:220,0
DA:221,0
DA:225,0
DA:226,0
DA:229,0
DA:230,0
DA:234,0
DA:235,0
DA:236,0
DA:240,0
DA:241,0
DA:242,0
DA:246,0
DA:247,0
DA:248,0
DA:250,0
DA:251,0
DA:252,0
DA:256,0
DA:257,0
DA:258,0
DA:262,0
DA:267,0
DA:273,0
DA:276,0
DA:297,0
DA:302,0
DA:313,0
DA:314,0
DA:327,1
DA:328,0
DA:329,0
DA:330,0
DA:331,0
DA:337,0
DA:339,0
DA:358,0
DA:359,0
DA:365,0
DA:368,0
DA:370,0
DA:371,0
DA:373,0
DA:374,0
DA:381,0
DA:382,0
DA:383,0
DA:386,0
DA:394,0
DA:395,0
DA:408,1
DA:409,0
DA:410,0
DA:411,0
DA:412,0
DA:418,0
DA:431,0
DA:434,0
DA:439,0
DA:440,0
DA:446,0
DA:447,0
DA:454,0
DA:478,0
DA:485,0
DA:499,0
DA:508,0
DA:509,0
DA:522,1
DA:523,0
DA:524,0
DA:525,0
DA:526,0
DA:532,0
DA:535,0
DA:540,0
DA:541,0
DA:547,0
DA:548,0
DA:550,0
DA:551,0
DA:558,0
DA:564,0
DA:570,0
DA:575,0
DA:576,0
DA:589,1
DA:590,0
DA:591,0
DA:592,0
DA:593,0
DA:599,0
DA:600,0
DA:603,0
DA:604,0
DA:611,0
DA:616,0
DA:617,0
DA:623,0
DA:626,0
DA:628,0
DA:630,0
DA:639,0
DA:645,0
DA:651,0
DA:654,0
DA:667,0
DA:672,0
DA:673,0
DA:676,0
DA:677,0
LF:157
LH:9
BRDA:29,0,0,0
BRDA:29,0,1,0
BRDA:31,1,0,0
BRDA:31,1,1,0
BRDA:72,2,0,0
BRDA:72,2,1,0
BRDA:74,3,0,0
BRDA:74,3,1,0
BRDA:75,4,0,0
BRDA:75,4,1,0
BRDA:76,5,0,0
BRDA:76,5,1,0
BRDA:77,6,0,0
BRDA:77,6,1,0
BRDA:78,7,0,0
BRDA:78,7,1,0
BRDA:79,8,0,0
BRDA:79,8,1,0
BRDA:86,9,0,0
BRDA:86,9,1,0
BRDA:86,10,0,0
BRDA:86,10,1,0
BRDA:116,11,0,0
BRDA:116,11,1,0
BRDA:117,12,0,0
BRDA:117,12,1,0
BRDA:117,12,2,0
BRDA:160,13,0,0
BRDA:160,13,1,0
BRDA:164,14,0,0
BRDA:164,14,1,0
BRDA:174,15,0,0
BRDA:174,15,1,0
BRDA:187,16,0,0
BRDA:187,16,1,0
BRDA:202,17,0,0
BRDA:203,18,0,0
BRDA:214,19,0,0
BRDA:214,19,1,0
BRDA:215,20,0,0
BRDA:215,20,1,0
BRDA:215,20,2,0
BRDA:219,21,0,0
BRDA:219,21,1,0
BRDA:225,22,0,0
BRDA:225,22,1,0
BRDA:234,23,0,0
BRDA:234,23,1,0
BRDA:240,24,0,0
BRDA:240,24,1,0
BRDA:246,25,0,0
BRDA:246,25,1,0
BRDA:250,26,0,0
BRDA:250,26,1,0
BRDA:256,27,0,0
BRDA:256,27,1,0
BRDA:258,28,0,0
BRDA:258,28,1,0
BRDA:262,29,0,0
BRDA:262,29,1,0
BRDA:299,30,0,0
BRDA:299,30,1,0
BRDA:317,31,0,0
BRDA:317,31,1,0
BRDA:330,32,0,0
BRDA:330,32,1,0
BRDA:358,33,0,0
BRDA:358,33,1,0
BRDA:368,34,0,0
BRDA:368,34,1,0
BRDA:370,35,0,0
BRDA:370,35,1,0
BRDA:370,35,2,0
BRDA:373,36,0,0
BRDA:373,36,1,0
BRDA:373,37,0,0
BRDA:373,37,1,0
BRDA:373,37,2,0
BRDA:381,38,0,0
BRDA:381,38,1,0
BRDA:381,39,0,0
BRDA:381,39,1,0
BRDA:390,40,0,0
BRDA:390,40,1,0
BRDA:398,41,0,0
BRDA:398,41,1,0
BRDA:411,42,0,0
BRDA:411,42,1,0
BRDA:439,43,0,0
BRDA:439,43,1,0
BRDA:446,44,0,0
BRDA:446,44,1,0
BRDA:467,45,0,0
BRDA:467,45,1,0
BRDA:468,46,0,0
BRDA:468,46,1,0
BRDA:469,47,0,0
BRDA:469,47,1,0
BRDA:470,48,0,0
BRDA:470,48,1,0
BRDA:471,49,0,0
BRDA:471,49,1,0
BRDA:472,50,0,0
BRDA:472,50,1,0
BRDA:504,51,0,0
BRDA:504,51,1,0
BRDA:512,52,0,0
BRDA:512,52,1,0
BRDA:525,53,0,0
BRDA:525,53,1,0
BRDA:540,54,0,0
BRDA:540,54,1,0
BRDA:548,55,0,0
BRDA:548,55,1,0
BRDA:550,56,0,0
BRDA:550,56,1,0
BRDA:550,57,0,0
BRDA:550,57,1,0
BRDA:579,58,0,0
BRDA:579,58,1,0
BRDA:592,59,0,0
BRDA:592,59,1,0
BRDA:603,60,0,0
BRDA:603,60,1,0
BRDA:616,61,0,0
BRDA:616,61,1,0
BRDA:639,62,0,0
BRDA:639,62,1,0
BRDA:642,63,0,0
BRDA:642,63,1,0
BRDA:660,64,0,0
BRDA:660,64,1,0
BRDA:680,65,0,0
BRDA:680,65,1,0
BRF:134
BRH:0
end_of_record
TN:
SF:src\controllers\locationsController.js
FN:14,(anonymous_0)
FN:52,(anonymous_1)
FN:94,(anonymous_2)
FN:142,(anonymous_3)
FN:208,(anonymous_4)
FNF:5
FNH:0
FNDA:0,(anonymous_0)
FNDA:0,(anonymous_1)
FNDA:0,(anonymous_2)
FNDA:0,(anonymous_3)
FNDA:0,(anonymous_4)
DA:6,1
DA:7,1
DA:14,1
DA:15,0
DA:16,0
DA:18,0
DA:19,0
DA:21,0
DA:22,0
DA:25,0
DA:26,0
DA:29,0
DA:31,0
DA:33,0
DA:38,0
DA:39,0
DA:52,1
DA:53,0
DA:54,0
DA:55,0
DA:56,0
DA:62,0
DA:64,0
DA:68,0
DA:69,0
DA:75,0
DA:80,0
DA:81,0
DA:94,1
DA:95,0
DA:96,0
DA:97,0
DA:98,0
DA:104,0
DA:106,0
DA:118,0
DA:122,0
DA:128,0
DA:129,0
DA:142,1
DA:143,0
DA:144,0
DA:145,0
DA:146,0
DA:152,0
DA:154,0
DA:157,0
DA:161,0
DA:162,0
DA:168,0
DA:184,0
DA:188,0
DA:194,0
DA:195,0
DA:208,1
DA:209,0
DA:210,0
DA:211,0
DA:212,0
DA:218,0
DA:221,0
DA:225,0
DA:226,0
DA:233,0
DA:237,0
DA:242,0
DA:243,0
DA:250,0
DA:252,0
DA:257,0
DA:258,0
LF:71
LH:7
BRDA:16,0,0,0
BRDA:21,1,0,0
BRDA:21,1,1,0
BRDA:25,2,0,0
BRDA:25,2,1,0
BRDA:42,3,0,0
BRDA:42,3,1,0
BRDA:55,4,0,0
BRDA:55,4,1,0
BRDA:68,5,0,0
BRDA:68,5,1,0
BRDA:84,6,0,0
BRDA:84,6,1,0
BRDA:97,7,0,0
BRDA:97,7,1,0
BRDA:111,8,0,0
BRDA:111,8,1,0
BRDA:112,9,0,0
BRDA:112,9,1,0
BRDA:113,10,0,0
BRDA:113,10,1,0
BRDA:114,11,0,0
BRDA:114,11,1,0
BRDA:132,12,0,0
BRDA:132,12,1,0
BRDA:145,13,0,0
BRDA:145,13,1,0
BRDA:161,14,0,0
BRDA:161,14,1,0
BRDA:175,15,0,0
BRDA:175,15,1,0
BRDA:176,16,0,0
BRDA:176,16,1,0
BRDA:177,17,0,0
BRDA:177,17,1,0
BRDA:178,18,0,0
BRDA:178,18,1,0
BRDA:198,19,0,0
BRDA:198,19,1,0
BRDA:211,20,0,0
BRDA:211,20,1,0
BRDA:225,21,0,0
BRDA:225,21,1,0
BRDA:242,22,0,0
BRDA:242,22,1,0
BRDA:242,23,0,0
BRDA:242,23,1,0
BRDA:261,24,0,0
BRDA:261,24,1,0
BRF:49
BRH:0
end_of_record
TN:
SF:src\controllers\lostItemController.js
FN:24,(anonymous_0)
FN:141,(anonymous_1)
FN:156,(anonymous_2)
FN:257,(anonymous_3)
FN:289,(anonymous_4)
FN:339,(anonymous_5)
FN:370,(anonymous_6)
FN:484,(anonymous_7)
FN:550,(anonymous_8)
FNF:9
FNH:0
FNDA:0,(anonymous_0)
FNDA:0,(anonymous_1)
FNDA:0,(anonymous_2)
FNDA:0,(anonymous_3)
FNDA:0,(anonymous_4)
FNDA:0,(anonymous_5)
FNDA:0,(anonymous_6)
FNDA:0,(anonymous_7)
FNDA:0,(anonymous_8)
DA:14,1
DA:15,1
DA:16,1
DA:17,1
DA:24,1
DA:26,0
DA:28,0
DA:29,0
DA:30,0
DA:31,0
DA:49,0
DA:51,0
DA:54,0
DA:75,0
DA:78,0
DA:79,0
DA:80,0
DA:81,0
DA:84,0
DA:87,0
DA:109,0
DA:123,0
DA:125,0
DA:127,0
DA:138,0
DA:141,0
DA:143,0
DA:144,0
DA:156,1
DA:157,0
DA:158,0
DA:159,0
DA:160,0
DA:176,0
DA:178,0
DA:179,0
DA:182,0
DA:183,0
DA:184,0
DA:185,0
DA:186,0
DA:190,0
DA:191,0
DA:194,0
DA:195,0
DA:199,0
DA:200,0
DA:201,0
DA:205,0
DA:206,0
DA:207,0
DA:211,0
DA:212,0
DA:213,0
DA:215,0
DA:216,0
DA:217,0
DA:220,0
DA:221,0
DA:224,0
DA:229,0
DA:230,0
DA:233,0
DA:254,0
DA:257,0
DA:258,0
DA:259,0
DA:263,0
DA:276,0
DA:277,0
DA:289,1
DA:290,0
DA:291,0
DA:293,0
DA:310,0
DA:311,0
DA:317,0
DA:320,0
DA:321,0
DA:322,0
DA:324,0
DA:325,0
DA:332,0
DA:339,0
DA:346,0
DA:347,0
DA:348,0
DA:351,0
DA:356,0
DA:357,0
DA:370,1
DA:373,0
DA:374,0
DA:375,0
DA:376,0
DA:383,0
DA:386,0
DA:391,0
DA:392,0
DA:398,0
DA:399,0
DA:416,0
DA:418,0
DA:421,0
DA:445,0
DA:459,0
DA:461,0
DA:463,0
DA:469,0
DA:471,0
DA:472,0
DA:484,1
DA:485,0
DA:486,0
DA:488,0
DA:493,0
DA:494,0
DA:500,0
DA:501,0
DA:503,0
DA:504,0
DA:511,0
DA:516,0
DA:530,0
DA:532,0
DA:537,0
DA:538,0
DA:550,1
DA:553,0
DA:554,0
DA:555,0
DA:556,0
DA:563,0
DA:564,0
DA:566,0
DA:571,0
DA:572,0
DA:578,0
DA:581,0
DA:590,0
DA:594,0
DA:607,0
DA:621,0
DA:623,0
DA:625,0
DA:631,0
DA:633,0
DA:634,0
DA:641,1
LF:149
LH:11
BRDA:30,0,0,0
BRDA:30,0,1,0
BRDA:65,1,0,0
BRDA:65,1,1,0
BRDA:67,2,0,0
BRDA:67,2,1,0
BRDA:68,3,0,0
BRDA:68,3,1,0
BRDA:69,4,0,0
BRDA:69,4,1,0
BRDA:71,5,0,0
BRDA:71,5,1,0
BRDA:78,6,0,0
BRDA:78,6,1,0
BRDA:78,7,0,0
BRDA:78,7,1,0
BRDA:138,8,0,0
BRDA:138,8,1,0
BRDA:159,9,0,0
BRDA:159,9,1,0
BRDA:174,10,0,0
BRDA:175,11,0,0
BRDA:182,12,0,0
BRDA:182,12,1,0
BRDA:182,13,0,0
BRDA:182,13,1,0
BRDA:184,14,0,0
BRDA:184,14,1,0
BRDA:190,15,0,0
BRDA:190,15,1,0
BRDA:199,16,0,0
BRDA:199,16,1,0
BRDA:205,17,0,0
BRDA:205,17,1,0
BRDA:211,18,0,0
BRDA:211,18,1,0
BRDA:215,19,0,0
BRDA:215,19,1,0
BRDA:258,20,0,0
BRDA:258,20,1,0
BRDA:310,21,0,0
BRDA:310,21,1,0
BRDA:310,22,0,0
BRDA:310,22,1,0
BRDA:320,23,0,0
BRDA:320,23,1,0
BRDA:321,24,0,0
BRDA:321,24,1,0
BRDA:324,25,0,0
BRDA:324,25,1,0
BRDA:324,26,0,0
BRDA:324,26,1,0
BRDA:324,26,2,0
BRDA:346,27,0,0
BRDA:346,27,1,0
BRDA:346,28,0,0
BRDA:346,28,1,0
BRDA:375,29,0,0
BRDA:375,29,1,0
BRDA:391,30,0,0
BRDA:391,30,1,0
BRDA:391,31,0,0
BRDA:391,31,1,0
BRDA:398,32,0,0
BRDA:398,32,1,0
BRDA:433,33,0,0
BRDA:433,33,1,0
BRDA:435,34,0,0
BRDA:435,34,1,0
BRDA:436,35,0,0
BRDA:436,35,1,0
BRDA:437,36,0,0
BRDA:437,36,1,0
BRDA:439,37,0,0
BRDA:439,37,1,0
BRDA:469,38,0,0
BRDA:469,38,1,0
BRDA:493,39,0,0
BRDA:493,39,1,0
BRDA:493,40,0,0
BRDA:493,40,1,0
BRDA:503,41,0,0
BRDA:503,41,1,0
BRDA:503,42,0,0
BRDA:503,42,1,0
BRDA:555,43,0,0
BRDA:555,43,1,0
BRDA:571,44,0,0
BRDA:571,44,1,0
BRDA:571,45,0,0
BRDA:571,45,1,0
BRDA:585,46,0,0
BRDA:585,46,1,0
BRDA:590,47,0,0
BRDA:590,47,1,0
BRDA:600,48,0,0
BRDA:600,48,1,0
BRDA:631,49,0,0
BRDA:631,49,1,0
BRF:99
BRH:0
end_of_record
TN:
SF:src\controllers\matchingController.js
FN:15,(anonymous_0)
FN:85,(anonymous_1)
FN:155,(anonymous_2)
FN:198,(anonymous_3)
FN:276,(anonymous_4)
FN:341,(anonymous_5)
FNF:6
FNH:0
FNDA:0,(anonymous_0)
FNDA:0,(anonymous_1)
FNDA:0,(anonymous_2)
FNDA:0,(anonymous_3)
FNDA:0,(anonymous_4)
FNDA:0,(anonymous_5)
DA:6,1
DA:7,1
DA:8,1
DA:15,1
DA:16,0
DA:17,0
DA:18,0
DA:19,0
DA:25,0
DA:28,0
DA:33,0
DA:34,0
DA:40,0
DA:41,0
DA:43,0
DA:44,0
DA:50,0
DA:53,0
DA:54,0
DA:62,0
DA:71,0
DA:72,0
DA:85,1
DA:86,0
DA:87,0
DA:88,0
DA:89,0
DA:95,0
DA:98,0
DA:103,0
DA:104,0
DA:110,0
DA:111,0
DA:113,0
DA:114,0
DA:120,0
DA:123,0
DA:124,0
DA:132,0
DA:141,0
DA:142,0
DA:155,1
DA:156,0
DA:157,0
DA:159,0
DA:179,0
DA:184,0
DA:185,0
DA:198,1
DA:199,0
DA:200,0
DA:201,0
DA:202,0
DA:208,0
DA:211,0
DA:219,0
DA:220,0
DA:226,0
DA:229,0
DA:230,0
DA:237,0
DA:245,0
DA:256,0
DA:262,0
DA:263,0
DA:276,1
DA:277,0
DA:278,0
DA:279,0
DA:280,0
DA:286,0
DA:289,0
DA:297,0
DA:298,0
DA:304,0
DA:307,0
DA:308,0
DA:315,0
DA:322,0
DA:327,0
DA:328,0
DA:341,1
DA:342,0
DA:343,0
DA:345,0
DA:351,0
DA:352,0
DA:360,1
LF:88
LH:10
BRDA:18,0,0,0
BRDA:18,0,1,0
BRDA:33,1,0,0
BRDA:33,1,1,0
BRDA:43,2,0,0
BRDA:43,2,1,0
BRDA:43,3,0,0
BRDA:43,3,1,0
BRDA:74,4,0,0
BRDA:74,4,1,0
BRDA:75,5,0,0
BRDA:75,5,1,0
BRDA:88,6,0,0
BRDA:88,6,1,0
BRDA:103,7,0,0
BRDA:103,7,1,0
BRDA:113,8,0,0
BRDA:113,8,1,0
BRDA:113,9,0,0
BRDA:113,9,1,0
BRDA:144,10,0,0
BRDA:144,10,1,0
BRDA:145,11,0,0
BRDA:145,11,1,0
BRDA:188,12,0,0
BRDA:188,12,1,0
BRDA:201,13,0,0
BRDA:201,13,1,0
BRDA:219,14,0,0
BRDA:219,14,1,0
BRDA:229,15,0,0
BRDA:229,15,1,0
BRDA:266,16,0,0
BRDA:266,16,1,0
BRDA:279,17,0,0
BRDA:279,17,1,0
BRDA:297,18,0,0
BRDA:297,18,1,0
BRDA:307,19,0,0
BRDA:307,19,1,0
BRDA:331,20,0,0
BRDA:331,20,1,0
BRDA:355,21,0,0
BRDA:355,21,1,0
BRF:44
BRH:0
end_of_record
TN:
SF:src\middleware\auth.js
FN:23,(anonymous_0)
FN:130,(anonymous_1)
FN:131,(anonymous_2)
FN:158,(anonymous_3)
FNF:4
FNH:2
FNDA:6,(anonymous_0)
FNDA:9,(anonymous_1)
FNDA:0,(anonymous_2)
FNDA:0,(anonymous_3)
DA:13,1
DA:14,1
DA:15,1
DA:23,1
DA:24,6
DA:26,6
DA:28,6
DA:29,2
DA:35,4
DA:39,4
DA:40,4
DA:42,2
DA:49,2
DA:57,2
DA:58,0
DA:64,2
DA:67,2
DA:68,0
DA:74,2
DA:75,0
DA:81,2
DA:82,0
DA:89,2
DA:90,0
DA:93,0
DA:100,2
DA:112,2
DA:114,0
DA:115,0
DA:130,1
DA:131,9
DA:132,0
DA:133,0
DA:139,0
DA:140,0
DA:143,0
DA:149,0
DA:158,1
DA:159,0
DA:160,0
DA:162,0
DA:163,0
DA:166,0
DA:168,0
DA:169,0
DA:171,0
DA:178,0
DA:179,0
DA:183,0
DA:186,0
DA:188,0
DA:189,0
DA:193,1
LF:53
LH:25
BRDA:28,0,0,2
BRDA:28,0,1,4
BRDA:28,1,0,6
BRDA:28,1,1,4
BRDA:44,2,0,2
BRDA:44,2,1,0
BRDA:57,3,0,0
BRDA:57,3,1,2
BRDA:57,4,0,2
BRDA:57,4,1,2
BRDA:67,5,0,0
BRDA:67,5,1,2
BRDA:74,6,0,0
BRDA:74,6,1,2
BRDA:81,7,0,0
BRDA:81,7,1,2
BRDA:89,8,0,0
BRDA:89,8,1,2
BRDA:89,9,0,2
BRDA:89,9,1,0
BRDA:130,10,0,0
BRDA:132,11,0,0
BRDA:132,11,1,0
BRDA:139,12,0,0
BRDA:139,12,1,0
BRDA:162,13,0,0
BRDA:162,13,1,0
BRDA:162,14,0,0
BRDA:162,14,1,0
BRDA:178,15,0,0
BRDA:178,15,1,0
BRDA:178,16,0,0
BRDA:178,16,1,0
BRF:33
BRH:13
end_of_record
TN:
SF:src\middleware\security.js
FN:53,(anonymous_0)
FN:76,(anonymous_1)
FN:89,(anonymous_2)
FN:112,(anonymous_3)
FNF:4
FNH:2
FNDA:0,(anonymous_0)
FNDA:0,(anonymous_1)
FNDA:30,(anonymous_2)
FNDA:1,(anonymous_3)
DA:14,1
DA:15,1
DA:16,1
DA:17,1
DA:23,1
DA:44,1
DA:54,0
DA:67,1
DA:77,0
DA:88,1
DA:90,30
DA:95,30
DA:97,0
DA:98,0
DA:100,0
DA:112,1
DA:114,1
DA:117,1
DA:120,1
DA:123,1
DA:126,1
DA:129,1
DA:132,1
LF:23
LH:18
BRDA:45,0,0,1
BRDA:45,0,1,0
BRDA:46,1,0,1
BRDA:46,1,1,0
BRDA:46,2,0,0
BRDA:46,2,1,0
BRDA:69,3,0,1
BRDA:69,3,1,0
BRDA:90,4,0,30
BRDA:90,4,1,0
BRDA:95,5,0,30
BRDA:95,5,1,0
BRDA:97,6,0,0
BRDA:97,6,1,0
BRF:14
BRH:5
end_of_record
TN:
SF:src\routes\authRoutes.js
FNF:0
FNH:0
DA:13,1
DA:14,1
DA:16,1
DA:17,1
DA:18,1
DA:19,1
DA:27,1
DA:40,1
DA:52,1
DA:59,1
DA:61,1
LF:11
LH:11
BRF:0
BRH:0
end_of_record
TN:
SF:src\routes\categoryRoutes.js
FNF:0
FNH:0
DA:5,1
DA:6,1
DA:8,1
DA:9,1
DA:10,1
DA:11,1
DA:18,1
DA:25,1
DA:32,1
DA:45,1
DA:59,1
DA:67,1
LF:12
LH:12
BRF:0
BRH:0
end_of_record
TN:
SF:src\routes\foundItemRoutes.js
FNF:0
FNH:0
DA:17,1
DA:18,1
DA:20,1
DA:21,1
DA:26,1
DA:27,1
DA:28,1
DA:35,1
DA:47,1
DA:59,1
DA:72,1
DA:85,1
DA:97,1
DA:106,1
LF:14
LH:14
BRF:0
BRH:0
end_of_record
TN:
SF:src\routes\locationRoutes.js
FNF:0
FNH:0
DA:5,1
DA:6,1
DA:8,1
DA:9,1
DA:10,1
DA:11,1
DA:18,1
DA:25,1
DA:32,1
DA:45,1
DA:59,1
DA:67,1
LF:12
LH:12
BRF:0
BRH:0
end_of_record
TN:
SF:src\routes\lostItemRoutes.js
FNF:0
FNH:0
DA:17,1
DA:18,1
DA:20,1
DA:21,1
DA:26,1
DA:27,1
DA:28,1
DA:35,1
DA:47,1
DA:59,1
DA:72,1
DA:85,1
DA:97,1
DA:106,1
LF:14
LH:14
BRF:0
BRH:0
end_of_record
TN:
SF:src\routes\matchRoutes.js
FNF:0
FNH:0
DA:5,1
DA:6,1
DA:8,1
DA:9,1
DA:10,1
DA:17,1
DA:29,1
DA:41,1
DA:52,1
DA:64,1
DA:76,1
DA:83,1
LF:12
LH:12
BRF:0
BRH:0
end_of_record
TN:
SF:src\services\matchingService.js
FN:25,calculateStringSimilarity
FN:38,(anonymous_1)
FN:41,(anonymous_2)
FN:60,calculateDateProximity
FN:82,calculateMatchScore
FN:147,getMatchConfidence
FN:157,findMatchesForLostItem
FN:217,(anonymous_7)
FN:225,findMatchesForFoundItem
FN:284,(anonymous_9)
FN:292,saveMatch
FN:311,runAutoMatching
FNF:12
FNH:0
FNDA:0,calculateStringSimilarity
FNDA:0,(anonymous_1)
FNDA:0,(anonymous_2)
FNDA:0,calculateDateProximity
FNDA:0,calculateMatchScore
FNDA:0,getMatchConfidence
FNDA:0,findMatchesForLostItem
FNDA:0,(anonymous_7)
FNDA:0,findMatchesForFoundItem
FNDA:0,(anonymous_9)
FNDA:0,saveMatch
FNDA:0,runAutoMatching
DA:19,1
DA:26,0
DA:28,0
DA:29,0
DA:31,0
DA:34,0
DA:35,0
DA:37,0
DA:38,0
DA:39,0
DA:41,0
DA:42,0
DA:46,0
DA:52,0
DA:53,0
DA:61,0
DA:62,0
DA:65,0
DA:67,0
DA:70,0
DA:71,0
DA:72,0
DA:73,0
DA:74,0
DA:76,0
DA:83,0
DA:84,0
DA:94,0
DA:95,0
DA:97,0
DA:101,0
DA:102,0
DA:103,0
DA:105,0
DA:108,0
DA:112,0
DA:116,0
DA:119,0
DA:123,0
DA:126,0
DA:130,0
DA:133,0
DA:134,0
DA:138,0
DA:141,0
DA:148,0
DA:149,0
DA:150,0
DA:151,0
DA:159,0
DA:168,0
DA:169,0
DA:172,0
DA:175,0
DA:191,0
DA:192,0
DA:193,0
DA:195,0
DA:197,0
DA:217,0
DA:219,0
DA:227,0
DA:236,0
DA:237,0
DA:240,0
DA:243,0
DA:259,0
DA:260,0
DA:261,0
DA:263,0
DA:264,0
DA:284,0
DA:286,0
DA:293,0
DA:295,0
DA:304,0
DA:312,0
DA:318,0
DA:320,0
DA:329,0
DA:330,0
DA:331,0
DA:332,0
DA:335,0
DA:336,0
DA:342,0
DA:345,0
DA:346,0
DA:350,0
DA:351,0
DA:354,0
DA:357,1
LF:92
LH:2
BRDA:26,0,0,0
BRDA:26,0,1,0
BRDA:26,1,0,0
BRDA:26,1,1,0
BRDA:31,2,0,0
BRDA:31,2,1,0
BRDA:39,3,0,0
BRDA:39,3,1,0
BRDA:42,4,0,0
BRDA:42,4,1,0
BRDA:43,5,0,0
BRDA:43,5,1,0
BRDA:43,5,2,0
BRDA:53,6,0,0
BRDA:53,6,1,0
BRDA:65,7,0,0
BRDA:65,7,1,0
BRDA:70,8,0,0
BRDA:70,8,1,0
BRDA:71,9,0,0
BRDA:71,9,1,0
BRDA:72,10,0,0
BRDA:72,10,1,0
BRDA:73,11,0,0
BRDA:73,11,1,0
BRDA:74,12,0,0
BRDA:74,12,1,0
BRDA:94,13,0,0
BRDA:94,13,1,0
BRDA:101,14,0,0
BRDA:101,14,1,0
BRDA:101,15,0,0
BRDA:101,15,1,0
BRDA:102,16,0,0
BRDA:102,16,1,0
BRDA:133,17,0,0
BRDA:133,17,1,0
BRDA:133,18,0,0
BRDA:133,18,1,0
BRDA:148,19,0,0
BRDA:148,19,1,0
BRDA:149,20,0,0
BRDA:149,20,1,0
BRDA:150,21,0,0
BRDA:150,21,1,0
BRDA:168,22,0,0
BRDA:168,22,1,0
BRDA:195,23,0,0
BRDA:195,23,1,0
BRDA:236,24,0,0
BRDA:236,24,1,0
BRDA:263,25,0,0
BRDA:263,25,1,0
BRF:53
BRH:0
end_of_record
TN:
SF:src\utils\fileUpload.js
FN:26,(anonymous_0)
FN:52,(anonymous_1)
FN:63,(anonymous_2)
FN:68,(anonymous_3)
FN:77,(anonymous_4)
FN:121,(anonymous_5)
FN:162,(anonymous_6)
FN:179,(anonymous_7)
FNF:8
FNH:1
FNDA:3,(anonymous_0)
FNDA:0,(anonymous_1)
FNDA:0,(anonymous_2)
FNDA:0,(anonymous_3)
FNDA:0,(anonymous_4)
FNDA:0,(anonymous_5)
FNDA:0,(anonymous_6)
FNDA:0,(anonymous_7)
DA:13,1
DA:14,1
DA:15,1
DA:16,1
DA:17,1
DA:18,1
DA:21,1
DA:22,1
DA:23,1
DA:26,1
DA:27,3
DA:28,0
DA:35,1
DA:42,1
DA:47,1
DA:52,1
DA:53,0
DA:54,0
DA:55,0
DA:56,0
DA:62,1
DA:65,0
DA:66,0
DA:69,0
DA:70,0
DA:77,1
DA:78,0
DA:79,0
DA:82,0
DA:83,0
DA:92,0
DA:93,0
DA:99,0
DA:105,1
DA:121,1
DA:122,0
DA:123,0
DA:124,0
DA:127,0
DA:128,0
DA:136,0
DA:137,0
DA:140,0
DA:141,0
DA:148,0
DA:154,0
DA:155,0
DA:162,1
DA:163,0
DA:164,0
DA:165,0
DA:166,0
DA:167,0
DA:169,0
DA:171,0
DA:172,0
DA:179,1
DA:181,0
DA:184,1
LF:59
LH:22
BRDA:21,0,0,1
BRDA:21,0,1,1
BRDA:27,1,0,0
BRDA:27,1,1,3
BRDA:47,2,0,1
BRDA:47,2,1,1
BRDA:65,3,0,0
BRDA:65,3,1,0
BRDA:82,4,0,0
BRDA:82,4,1,0
BRDA:92,5,0,0
BRDA:92,5,1,0
BRDA:127,6,0,0
BRDA:127,6,1,0
BRDA:127,7,0,0
BRDA:127,7,1,0
BRDA:164,8,0,0
BRDA:164,8,1,0
BRF:18
BRH:5
end_of_record
TN:
SF:src\utils\itemValidators.js
FN:45,(anonymous_0)
FN:122,(anonymous_1)
FNF:2
FNH:0
FNDA:0,(anonymous_0)
FNDA:0,(anonymous_1)
DA:6,1
DA:11,1
DA:46,0
DA:47,0
DA:48,0
DA:49,0
DA:51,0
DA:88,1
DA:123,0
DA:124,0
DA:125,0
DA:126,0
DA:128,0
DA:173,1
DA:232,1
DA:249,1
LF:16
LH:6
BRDA:48,0,0,0
BRDA:48,0,1,0
BRDA:125,1,0,0
BRDA:125,1,1,0
BRF:4
BRH:0
end_of_record
TN:
SF:src\utils\jwt.js
FN:21,(anonymous_0)
FN:41,(anonymous_1)
FN:61,(anonymous_2)
FN:84,(anonymous_3)
FN:107,(anonymous_4)
FNF:5
FNH:4
FNDA:4,(anonymous_0)
FNDA:4,(anonymous_1)
FNDA:4,(anonymous_2)
FNDA:0,(anonymous_3)
FNDA:4,(anonymous_4)
DA:11,1
DA:12,1
DA:21,1
DA:22,4
DA:23,4
DA:29,0
DA:30,0
DA:41,1
DA:42,4
DA:43,4
DA:49,0
DA:50,0
DA:61,1
DA:62,4
DA:63,4
DA:68,2
DA:69,1
DA:70,1
DA:71,1
DA:73,0
DA:84,1
DA:85,0
DA:86,0
DA:91,0
DA:92,0
DA:93,0
DA:94,0
DA:96,0
DA:107,1
DA:108,4
DA:114,4
DA:120,1
LF:32
LH:20
BRDA:24,0,0,4
BRDA:24,0,1,0
BRDA:44,1,0,4
BRDA:44,1,1,0
BRDA:68,2,0,1
BRDA:68,2,1,1
BRDA:70,3,0,1
BRDA:70,3,1,0
BRDA:91,4,0,0
BRDA:91,4,1,0
BRDA:93,5,0,0
BRDA:93,5,1,0
BRF:12
BRH:5
end_of_record
TN:
SF:src\utils\logger.js
FN:13,(anonymous_0)
FNF:1
FNH:1
FNDA:16,(anonymous_0)
DA:6,1
DA:7,1
DA:10,1
DA:14,16
DA:19,1
DA:45,1
LF:6
LH:6
BRDA:14,0,0,16
BRDA:14,0,1,16
BRDA:20,1,0,0
BRDA:20,1,1,1
BRF:4
BRH:3
end_of_record
TN:
SF:src\utils\referenceValidators.js
FNF:0
FNH:0
DA:5,1
DA:10,1
DA:46,1
DA:89,1
LF:4
LH:4
BRF:0
BRH:0
end_of_record
TN:
SF:src\utils\validators.js
FN:99,(anonymous_0)
FN:103,(anonymous_1)
FN:115,(anonymous_2)
FN:141,(anonymous_3)
FN:145,(anonymous_4)
FNF:5
FNH:5
FNDA:10,(anonymous_0)
FNDA:10,(anonymous_1)
FNDA:62,(anonymous_2)
FNDA:14,(anonymous_3)
FNDA:28,(anonymous_4)
DA:13,1
DA:21,1
DA:37,1
DA:48,1
DA:60,1
DA:99,10
DA:104,10
DA:113,10
DA:114,10
DA:115,62
DA:117,10
DA:118,1
DA:120,9
DA:127,1
DA:142,14
DA:143,14
DA:144,14
DA:145,28
DA:147,14
DA:148,0
DA:150,14
DA:157,1
DA:164,1
LF:23
LH:22
BRDA:117,0,0,1
BRDA:117,0,1,9
BRDA:147,1,0,0
BRDA:147,1,1,14
BRF:4
BRH:3
end_of_record
